0xca 0xb1 0xef 0xbf 0xbd 0xef 0xbf 0xbd 0xef 0xbf 0xbd 0xa line break at s 
0xef 0xbf 0xbd 0xef 0xbf 0xbd 0xef 0xbf 0xbd 0xef 0xbf 0xbd 0xa line break at s 
0xef 0xbf 0xbd 0xef 0xbf 0xbd 0xef 0xbf 0xbd 0xef 0xbf 0xbd 0xc8 0x98 0xef 0xbf 0xbd 0xef 0xbf 0xbd 0xef 0xbf 0xbd 0xa line break at s 
0xcc 0x98 0xef 0xbf 0xbd 0xef 0xbf 0xbd 0xef 0xbf 0xbd 0xe2 0x93 0xb6 0xef 0xbf 0xbd 0xa line break at s 
0xca 0x98 0xa line break at s 
0xef 0xbf 0xbd 0xef 0xbf 0xbd 0xef 0xbf 0xbd 0xef 0xbf 0xbd 0xa line break at s 
0xef 0xbf 0xbd 0xef 0xbf 0xbd 0xef 0xbf 0xbd 0xef 0xbf 0xbd 0xef 0xbf 0xbd 0xa line break at s 
0xef 0xbf 0xbd 0xef 0xbf 0xbd 0xa line break at s 
0xef 0xbf 0xbd 0xef 0xbf 0xbd 0xef 0xbf 0xbd 0xef 0xbf 0xbd 0xa line break at s 
0xef 0xbf 0xbd 0xef 0xbf 0xbd 0xa line break at s 
0xef 0xbf 0xbd 0xef 0xbf 0xbd 0xef 0xbf 0xbd 0xef 0xbf 0xbd 0xa line break at s 
0xef 0xbf 0xbd 0xef 0xbf 0xbd 0xef 0xbf 0xbd 0xef 0xbf 0xbd 0xa line break at s 
0xef 0xbf 0xbd 0xef 0xbf 0xbd 0xef 0xbf 0xbd 0xa line break at s 
0xef 0xbf 0xbd 0xe1 0xbb 0x96 0xef 0xbf 0xbd 0xa line break at s 
0xef 0xbf 0xbd 0xa line break at s 
0xef 0xbf 0xbd 0xef 0xbf 0xbd 0xef 0xbf 0xbd 0xef 0xbf 0xbd 0xef 0xbf 0xbd 0xa line break at s 
0xcc 0x92 0xef 0xbf 0xbd 0xef 0xbf 0xbd 0xdc 0x98 0xa line break at s 
0xef 0xbf 0xbd 0xc8 0x98 0xef 0xbf 0xbd 0xa line break at s 
0xef 0xbf 0xbd 0xef 0xbf 0xbd 0xa line break at s 
0xef 0xbf 0xbd 0xef 0xbf 0xbd 0xef 0xbf 0xbd 0xef 0xbf 0xbd 0xef 0xbf 0xbd 0xa line break at s 
0xc8 0xbe 0xef 0xbf 0xbd 0xef 0xbf 0xbd 0xa line break at s 
0xef 0xbf 0xbd 0xef 0xbf 0xbd 0xef 0xbf 0xbd 0xc7 0x98 0xef 0xbf 0xbd 0xef 0xbf 0xbd 0xef 0xbf 0xbd 0xa line break at s 
0xca 0x82 0xef 0xbf 0xbd 0xef 0xbf 0xbd 0xa line break at s 
0xef 0xbf 0xbd 0xef 0xbf 0xbd 0xa line break at s 
0xef 0xbf 0xbd 0xef 0xbf 0xbd 0xef 0xbf 0xbd 0xa line break at s 
0xcc 0x98 0xef 0xbf 0xbd 0xef 0xbf 0xbd 0xef 0xbf 0xbd 0xa line break at s 
0xef 0xbf 0xbd 0xef 0xbf 0xbd 0xef 0xbf 0xbd 0xa line break at s 
0xef 0xbf 0xbd 0xef 0xbf 0xbd 0xa line break at s 
0xef 0xbf 0xbd 0xef 0xbf 0xbd 0xef 0xbf 0xbd 0xef 0xbf 0xbd 0xef 0xbf 0xbd 0xa line break at s 
0xef 0xbf 0xbd 0xef 0xbf 0xbd 0xef 0xbf 0xbd 0xa line break at s 
0xef 0xbf 0xbd 0xef 0xbf 0xbd 0xef 0xbf 0xbd 0xc7 0x98 0xef 0xbf 0xbd 0xa line break at s 
0xca 0x82 0xef 0xbf 0xbd 0xa line break at s 
0xef 0xbf 0xbd 0xef 0xbf 0xbd 0xa line break at s 
0xef 0xbf 0xbd 0xef 0xbf 0xbd 0xef 0xbf 0xbd 0xa line break at s 
0xef 0xbf 0xbd 0xc6 0xb7 0xef 0xbf 0xbd 0xef 0xbf 0xbd 0xef 0xbf 0xbd 0xa line break at s 
0xef 0xbf 0xbd 0xa line break at s 
0xef 0xbf 0xbd 0xef 0xbf 0xbd 0xef 0xbf 0xbd 0xc8 0x98 0xef 0xbf 0xbd 0xef 0xbf 0xbd 0xa line break at s 
0xef 0xbf 0xbd 0xef 0xbf 0xbd 0xef 0xbf 0xbd 0xef 0xbf 0xbd 0xef 0xbf 0xbd 0xef 0xbf 0xbd 0xef 0xbf 0xbd 0xef 0xbf 0xbd 0xa line break at s 
0xcc 0xba 0xef 0xbf 0xbd 0xef 0xbf 0xbd 0xa line break at s 
0xef 0xbf 0xbd 0xef 0xbf 0xbd 0xef 0xbf 0xbd 0xef 0xbf 0xbd 0xa line break at s 
0xe1 0x97 0xbb 0xef 0xbf 0xbd 0xa line break at s 
0xef 0xbf 0xbd 0xef 0xbf 0xbd 0xef 0xbf 0xbd 0xef 0xbf 0xbd 0xa line break at s 
0xef 0xbf 0xbd 0xef 0xbf 0xbd 0xef 0xbf 0xbd 0xef 0xbf 0xbd 0xef 0xbf 0xbd 0xef 0xbf 0xbd 0xef 0xbf 0xbd 0xa line break at s 
0xef 0xbf 0xbd 0xef 0xbf 0xbd 0xa line break at s 
0xef 0xbf 0xbd 0xef 0xbf 0xbd 0xc8 0x92 0xa line break at s 
0xe2 0x92 0xbb 0xa line break at s 
0xef 0xbf 0xbd 0xef 0xbf 0xbd 0xef 0xbf 0xbd 0xa line break at s 
0xef 0xbf 0xbd 0xef 0xbf 0xbd 0xef 0xbf 0xbd 0xa line break at s 
0xef 0xbf 0xbd 0xef 0xbf 0xbd 0xef 0xbf 0xbd 0xa line break at s 
0xef 0xbf 0xbd 0xef 0xbf 0xbd 0xef 0xbf 0xbd 0xef 0xbf 0xbd 0xa line break at s 
0xef 0xbf 0xbd 0xef 0xbf 0xbd 0xef 0xbf 0xbd 0xa line break at s 
0xef 0xbf 0xbd 0xef 0xbf 0xbd 0xcd 0x98 0xef 0xbf 0xbd 0xa line break at s 
0xef 0xbf 0xbd 0xef 0xbf 0xbd 0xef 0xbf 0xbd 0xef 0xbf 0xbd 0xef 0xbf 0xbd 0xef 0xbf 0xbd 0xef 0xbf 0xbd 0xa line break at s 
0xe2 0x98 0xb6 0xef 0xbf 0xbd 0xa line break at s 
0xef 0xbf 0xbd 0xef 0xbf 0xbd 0xa line break at s 
0xef 0xbf 0xbd 0xef 0xbf 0xbd 0xef 0xbf 0xbd 0xe2 0x98 0xbc 0xf1 0xba 0x93 0xb8 0xef 0xbf 0xbd 0xef 0xbf 0xbd 0xa line break at s 
0xef 0xbf 0xbd 0xef 0xbf 0xbd 0xef 0xbf 0xbd 0xef 0xbf 0xbd 0xa line break at s 
0xef 0xbf 0xbd 0xef 0xbf 0xbd 0xef 0xbf 0xbd 0xef 0xbf 0xbd 0xef 0xbf 0xbd 0xef 0xbf 0xbd 0xef 0xbf 0xbd 0xef 0xbf 0xbd 0xef 0xbf 0xbd 0xef 0xbf 0xbd 0xef 0xbf 0xbd 0xef 0xbf 0xbd 0xef 0xbf 0xbd 0xa line break at s 
0xef 0xbf 0xbd 0xef 0xbf 0xbd 0xa line break at s 
0xef 0xbf 0xbd 0xef 0xbf 0xbd 0xef 0xbf 0xbd 0xef 0xbf 0xbd 0xef 0xbf 0xbd 0xa line break at s 
0xef 0xbf 0xbd 0xef 0xbf 0xbd 0xef 0xbf 0xbd 0xef 0xbf 0xbd 0xa line break at s 
0xef 0xbf 0xbd 0xef 0xbf 0xbd 0xef 0xbf 0xbd 0xef 0xbf 0xbd 0xef 0xbf 0xbd 0xa line break at s 
0xef 0xbf 0xbd 0xef 0xbf 0xbd 0xef 0xbf 0xbd 0xa line break at s 
0xc8 0xbe 0xef 0xbf 0xbd 0xef 0xbf 0xbd 0xef 0xbf 0xbd 0xa line break at s 
0xef 0xbf 0xbd 0xef 0xbf 0xbd 0xe0 0xb6 0x98 0xa line break at s 
0xef 0xbf 0xbd 0xef 0xbf 0xbd 0xa line break at s 
0xef 0xbf 0xbd 0xef 0xbf 0xbd 0xe1 0xbb 0x98 0xa line break at s 
0xef 0xbf 0xbd 0xe1 0x98 0xb7 0xef 0xbf 0xbd 0xef 0xbf 0xbd 0xa line break at s 
0xef 0xbf 0xbd 0xef 0xbf 0xbd 0xef 0xbf 0xbd 0xa line break at s 
0xef 0xbf 0xbd 0xef 0xbf 0xbd 0xef 0xbf 0xbd 0xef 0xbf 0xbd 0xef 0xbf 0xbd 0xa line break at s 
0xef 0xbf 0xbd 0xef 0xbf 0xbd 0xa line break at s 
0xef 0xbf 0xbd 0xef 0xbf 0xbd 0xe0 0xbe 0x9b 0xef 0xbf 0xbd 0xa line break at s 
0xca 0x98 0xdc 0x98 0xa line break at s 
0xef 0xbf 0xbd 0xef 0xbf 0xbd 0xc6 0x9a 0xa line break at s 
0xef 0xbf 0xbd 0xef 0xbf 0xbd 0xef 0xbf 0xbd 0xef 0xbf 0xbd 0xef 0xbf 0xbd 0xef 0xbf 0xbd 0xa line break at s 
0xef 0xbf 0xbd 0xef 0xbf 0xbd 0xc6 0xb6 0xa line break at s 
0xef 0xbf 0xbd 0xef 0xbf 0xbd 0xa line break at s 
0xef 0xbf 0xbd 0xa line break at s 
0xef 0xbf 0xbd 0xef 0xbf 0xbd 0xef 0xbf 0xbd 0xef 0xbf 0xbd 0xef 0xbf 0xbd 0xa line break at s 
0xef 0xbf 0xbd 0xef 0xbf 0xbd 0xef 0xbf 0xbd 0xef 0xbf 0xbd 0xa line break at s 
0xef 0xbf 0xbd 0xef 0xbf 0xbd 0xa line break at s 
0xef 0xbf 0xbd 0xcc 0x98 0xef 0xbf 0xbd 0xef 0xbf 0xbd 0xa line break at s 
0xca 0xbe 0xa line break at s 
0xef 0xbf 0xbd 0xef 0xbf 0xbd 0xef 0xbf 0xbd 0xa line break at s 
0xef 0xbf 0xbd 0xef 0xbf 0xbd 0xa line break at s 
0xef 0xbf 0xbd 0xef 0xbf 0xbd 0xa line break at s 
0xef 0xbf 0xbd 0xc7 0x98 0xef 0xbf 0xbd 0xef 0xbf 0xbd 0xa line break at s 
0xca 0x9a 0xa line break at s 
0xef 0xbf 0xbd 0xef 0xbf 0xbd 0xef 0xbf 0xbd 0xef 0xbf 0xbd 0xa line break at s 
0xe2 0xb7 0xbb 0xef 0xbf 0xbd 0xa line break at s 
0xef 0xbf 0xbd 0xef 0xbf 0xbd 0xef 0xbf 0xbd 0xa line break at s 
0xef 0xbf 0xbd 0xef 0xbf 0xbd 0xef 0xbf 0xbd 0xa line break at s 
0xef 0xbf 0xbd 0xef 0xbf 0xbd 0xa line break at s 
0xef 0xbf 0xbd 0xa line break at s 
0xef 0xbf 0xbd 0xef 0xbf 0xbd 0xe1 0xbb 0x96 0xa line break at s 
0xef 0xbf 0xbd 0xef 0xbf 0xbd 0xef 0xbf 0xbd 0xef 0xbf 0xbd 0xa line break at s 
0xef 0xbf 0xbd 0xef 0xbf 0xbd 0xef 0xbf 0xbd 0xef 0xbf 0xbd 0xef 0xbf 0xbd 0xa line break at s 
0xe2 0x98 0xbe 0xef 0xbf 0xbd 0xef 0xbf 0xbd 0xa line break at s 
0xef 0xbf 0xbd 0xef 0xbf 0xbd 0xef 0xbf 0xbd 0xef 0xbf 0xbd 0xef 0xbf 0xbd 0xa line break at s 
0xef 0xbf 0xbd 0xef 0xbf 0xbd 0xe1 0xbb 0x9a 0xef 0xbf 0xbd 0xa line break at s 
0xef 0xbf 0xbd 0xef 0xbf 0xbd 0xef 0xbf 0xbd 0xef 0xbf 0xbd 0xef 0xbf 0xbd 0xef 0xbf 0xbd 0xef 0xbf 0xbd 0xef 0xbf 0xbd 0xa line break at s 
0xef 0xbf 0xbd 0xef 0xbf 0xbd 0xef 0xbf 0xbd 0xa line break at s 
0xef 0xbf 0xbd 0xa line break at s 
0xef 0xbf 0xbd 0xef 0xbf 0xbd 0xef 0xbf 0xbd 0xef 0xbf 0xbd 0xef 0xbf 0xbd 0xa line break at s 
0xef 0xbf 0xbd 0xe1 0xbb 0x98 0xa line break at s 
0xef 0xbf 0xbd 0xef 0xbf 0xbd 0xef 0xbf 0xbd 0xef 0xbf 0xbd 0xa line break at s 
0xef 0xbf 0xbd 0xef 0xbf 0xbd 0xdc 0x96 0xef 0xbf 0xbd 0xa line break at s 
0xef 0xbf 0xbd 0xef 0xbf 0xbd 0xef 0xbf 0xbd 0xa line break at s 
0xe2 0x98 0xbe 0xef 0xbf 0xbd 0xef 0xbf 0xbd 0xef 0xbf 0xbd 0xa line break at s 
0xef 0xbf 0xbd 0xef 0xbf 0xbd 0xe2 0x98 0xb3 0xef 0xbf 0xbd 0xef 0xbf 0xbd 0xa line break at s 
0xef 0xbf 0xbd 0xef 0xbf 0xbd 0xef 0xbf 0xbd 0xef 0xbf 0xbd 0xef 0xbf 0xbd 0xef 0xbf 0xbd 0xef 0xbf 0xbd 0xef 0xbf 0xbd 0xef 0xbf 0xbd 0xa line break at s 
0xef 0xbf 0xbd 0xef 0xbf 0xbd 0xef 0xbf 0xbd 0xa line break at s 
0xef 0xbf 0xbd 0xef 0xbf 0xbd 0xa line break at s 
0xef 0xbf 0xbd 0xef 0xbf 0xbd 0xef 0xbf 0xbd 0xef 0xbf 0xbd 0xef 0xbf 0xbd 0xef 0xbf 0xbd 0xef 0xbf 0xbd 0xef 0xbf 0xbd 0xa line break at s 
0xef 0xbf 0xbd 0xef 0xbf 0xbd 0xef 0xbf 0xbd 0xef 0xbf 0xbd 0xef 0xbf 0xbd 0xef 0xbf 0xbd 0xa line break at s 
0xef 0xbf 0xbd 0xef 0xbf 0xbd 0xef 0xbf 0xbd 0xef 0xbf 0xbd 0xef 0xbf 0xbd 0xef 0xbf 0xbd 0xef 0xbf 0xbd 0xa line break at s 
0xef 0xbf 0xbd 0xef 0xbf 0xbd 0xef 0xbf 0xbd 0xef 0xbf 0xbd 0xa line break at s 
0xef 0xbf 0xbd 0xef 0xbf 0xbd 0xef 0xbf 0xbd 0xef 0xbf 0xbd 0xa line break at s 
0xef 0xbf 0xbd 0xa line break at s 
0xef 0xbf 0xbd 0xef 0xbf 0xbd 0xef 0xbf 0xbd 0xa line break at s 
0xef 0xbf 0xbd 0xef 0xbf 0xbd 0xef 0xbf 0xbd 0xe2 0xb0 0x98 0xef 0xbf 0xbd 0xa line break at s 
0xef 0xbf 0xbd 0xef 0xbf 0xbd 0xef 0xbf 0xbd 0xef 0xbf 0xbd 0xef 0xbf 0xbd 0xa line break at s 
0xef 0xbf 0xbd 0xef 0xbf 0xbd 0xef 0xbf 0xbd 0xa line break at s 
0xef 0xbf 0xbd 0xef 0xbf 0xbd 0xef 0xbf 0xbd 0xef 0xbf 0xbd 0xef 0xbf 0xbd 0xa line break at s 
0xef 0xbf 0xbd 0xef 0xbf 0xbd 0xef 0xbf 0xbd 0xa line break at s 
0xef 0xbf 0xbd 0xef 0xbf 0xbd 0xef 0xbf 0xbd 0xef 0xbf 0xbd 0xef 0xbf 0xbd 0xef 0xbf 0xbd 0xa line break at s 
0xef 0xbf 0xbd 0xef 0xbf 0xbd 0xef 0xbf 0xbd 0xa line break at s 
0xef 0xbf 0xbd 0xef 0xbf 0xbd 0xef 0xbf 0xbd 0xef 0xbf 0xbd 0xa line break at s 
0xef 0xbf 0xbd 0xef 0xbf 0xbd 0xef 0xbf 0xbd 0xef 0xbf 0xbd 0xef 0xbf 0xbd 0xef 0xbf 0xbd 0xef 0xbf 0xbd 0xa line break at s 
0xef 0xbf 0xbd 0xef 0xbf 0xbd 0xef 0xbf 0xbd 0xa line break at s 
0xef 0xbf 0xbd 0xef 0xbf 0xbd 0xef 0xbf 0xbd 0xef 0xbf 0xbd 0xca 0xb1 0xef 0xbf 0xbd 0xef 0xbf 0xbd 0xef 0xbf 0xbd 0xa line break at s 
0xef 0xbf 0xbd 0xef 0xbf 0xbd 0xef 0xbf 0xbd 0xef 0xbf 0xbd 0xef 0xbf 0xbd 0xa line break at s 
0xef 0xbf 0xbd 0xef 0xbf 0xbd 0xef 0xbf 0xbd 0xef 0xbf 0xbd 0xef 0xbf 0xbd 0xef 0xbf 0xbd 0xa line break at s 
0xca 0x98 0xef 0xbf 0xbd 0xef 0xbf 0xbd 0xa line break at s 
0xef 0xbf 0xbd 0xef 0xbf 0xbd 0xef 0xbf 0xbd 0xef 0xbf 0xbd 0xef 0xbf 0xbd 0xa line break at s 
0xef 0xbf 0xbd 0xef 0xbf 0xbd 0xef 0xbf 0xbd 0xef 0xbf 0xbd 0xa line break at s 
0xef 0xbf 0xbd 0xef 0xbf 0xbd 0xef 0xbf 0xbd 0xef 0xbf 0xbd 0xef 0xbf 0xbd 0xef 0xbf 0xbd 0xa line break at s 
0xe0 0xb7 0xbe 0xef 0xbf 0xbd 0xe2 0x98 0xb6 0xa line break at s 
0xef 0xbf 0xbd 0xf1 0xb5 0x97 0xb6 0xef 0xbf 0xbd 0xcc 0x92 0xef 0xbf 0xbd 0xef 0xbf 0xbd 0xa line break at s 
0xc7 0x98 0xef 0xbf 0xbd 0xef 0xbf 0xbd 0xef 0xbf 0xbd 0xef 0xbf 0xbd 0xa line break at s 
0xef 0xbf 0xbd 0xef 0xbf 0xbd 0xa line break at s 
0xef 0xbf 0xbd 0xef 0xbf 0xbd 0xa line break at s 
0xe2 0x98 0xb6 0xef 0xbf 0xbd 0xa line break at s 
0xef 0xbf 0xbd 0xef 0xbf 0xbd 0xef 0xbf 0xbd 0xef 0xbf 0xbd 0xa line break at s 
0xef 0xbf 0xbd 0xef 0xbf 0xbd 0xef 0xbf 0xbd 0xef 0xbf 0xbd 0xef 0xbf 0xbd 0xef 0xbf 0xbd 0xef 0xbf 0xbd 0xa line break at s 
0xef 0xbf 0xbd 0xef 0xbf 0xbd 0xef 0xbf 0xbd 0xa line break at s 
0xef 0xbf 0xbd 0xef 0xbf 0xbd 0xef 0xbf 0xbd 0xef 0xbf 0xbd 0xa line break at s 
0xef 0xbf 0xbd 0xef 0xbf 0xbd 0xef 0xbf 0xbd 0xef 0xbf 0xbd 0xef 0xbf 0xbd 0xef 0xbf 0xbd 0xa line break at s 
0xc9 0x82 0xef 0xbf 0xbd 0xef 0xbf 0xbd 0xa line break at s 
0xef 0xbf 0xbd 0xef 0xbf 0xbd 0xef 0xbf 0xbd 0xef 0xbf 0xbd 0xe1 0x98 0xbc 0xef 0xbf 0xbd 0xa line break at s 
0xef 0xbf 0xbd 0xef 0xbf 0xbd 0xef 0xbf 0xbd 0xa line break at s 
0xef 0xbf 0xbd 0xef 0xbf 0xbd 0xef 0xbf 0xbd 0xef 0xbf 0xbd 0xc8 0x98 0xef 0xbf 0xbd 0xef 0xbf 0xbd 0xa line break at s 
0xef 0xbf 0xbd 0xe1 0x93 0xb7 0xa line break at s 
0xef 0xbf 0xbd 0xef 0xbf 0xbd 0xef 0xbf 0xbd 0xef 0xbf 0xbd 0xef 0xbf 0xbd 0xef 0xbf 0xbd 0xa line break at s 
0xef 0xbf 0xbd 0xef 0xbf 0xbd 0xef 0xbf 0xbd 0xa line break at s 
0xef 0xbf 0xbd 0xef 0xbf 0xbd 0xa line break at s 
0xef 0xbf 0xbd 0xef 0xbf 0xbd 0xef 0xbf 0xbd 0xef 0xbf 0xbd 0xa line break at s 
0xe2 0xbe 0xbb 0xef 0xbf 0xbd 0xa line break at s 
0xef 0xbf 0xbd 0xef 0xbf 0xbd 0xef 0xbf 0xbd 0xef 0xbf 0xbd 0xa line break at s 
0xef 0xbf 0xbd 0xef 0xbf 0xbd 0xef 0xbf 0xbd 0xef 0xbf 0xbd 0xef 0xbf 0xbd 0xef 0xbf 0xbd 0xef 0xbf 0xbd 0xa line break at s 
0xef 0xbf 0xbd 0xef 0xbf 0xbd 0xef 0xbf 0xbd 0xef 0xbf 0xbd 0xef 0xbf 0xbd 0xef 0xbf 0xbd 0xa line break at s 
0xef 0xbf 0xbd 0xef 0xbf 0xbd 0xef 0xbf 0xbd 0xef 0xbf 0xbd 0xa line break at s 
0xe2 0x98 0xbb 0xef 0xbf 0xbd 0xef 0xbf 0xbd 0xa line break at s 
0xef 0xbf 0xbd 0xef 0xbf 0xbd 0xef 0xbf 0xbd 0xef 0xbf 0xbd 0xef 0xbf 0xbd 0xef 0xbf 0xbd 0xef 0xbf 0xbd 0xef 0xbf 0xbd 0xa line break at s 
0xef 0xbf 0xbd 0xef 0xbf 0xbd 0xef 0xbf 0xbd 0xef 0xbf 0xbd 0xef 0xbf 0xbd 0xef 0xbf 0xbd 0xef 0xbf 0xbd 0xa line break at s 
0xe2 0x98 0xb6 0xef 0xbf 0xbd 0xef 0xbf 0xbd 0xef 0xbf 0xbd 0xef 0xbf 0xbd 0xa line break at s 
0xe1 0x98 0xbb 0xef 0xbf 0xbd 0xef 0xbf 0xbd 0xa line break at s 
0xef 0xbf 0xbd 0xef 0xbf 0xbd 0xe1 0x92 0xb6 0xa line break at s 
0xef 0xbf 0xbd 0xef 0xbf 0xbd 0xef 0xbf 0xbd 0xa line break at s 
0xef 0xbf 0xbd 0xef 0xbf 0xbd 0xef 0xbf 0xbd 0xa line break at s 
0xef 0xbf 0xbd 0xe1 0x92 0xbb 0xef 0xbf 0xbd 0xa line break at s 
0xef 0xbf 0xbd 0xef 0xbf 0xbd 0xca 0x98 0xef 0xbf 0xbd 0xef 0xbf 0xbd 0xef 0xbf 0xbd 0xa line break at s 
0xe2 0x98 0xbf 0xef 0xbf 0xbd 0xa line break at s 
0xef 0xbf 0xbd 0xf1 0xb8 0x92 0xbe 0xa line break at s 
0xef 0xbf 0xbd 0xef 0xbf 0xbd 0xef 0xbf 0xbd 0xef 0xbf 0xbd 0xef 0xbf 0xbd 0xef 0xbf 0xbd 0xa line break at s 
0xef 0xbf 0xbd 0xef 0xbf 0xbd 0xef 0xbf 0xbd 0xef 0xbf 0xbd 0xef 0xbf 0xbd 0xef 0xbf 0xbd 0xef 0xbf 0xbd 0xef 0xbf 0xbd 0xa line break at s 
0xef 0xbf 0xbd 0xef 0xbf 0xbd 0xef 0xbf 0xbd 0xef 0xbf 0xbd 0xef 0xbf 0xbd 0xa line break at s 
0xef 0xbf 0xbd 0xef 0xbf 0xbd 0xef 0xbf 0xbd 0xef 0xbf 0xbd 0xa line break at s 
0xef 0xbf 0xbd 0xef 0xbf 0xbd 0xef 0xbf 0xbd 0xa line break at s 
0xef 0xbf 0xbd 0xef 0xbf 0xbd 0xef 0xbf 0xbd 0xa line break at s 
0xef 0xbf 0xbd 0xa line break at s 
0xef 0xbf 0xbd 0xef 0xbf 0xbd 0xef 0xbf 0xbd 0xef 0xbf 0xbd 0xef 0xbf 0xbd 0xa line break at s 
0xef 0xbf 0xbd 0xef 0xbf 0xbd 0xa line break at s 
0xef 0xbf 0xbd 0xef 0xbf 0xbd 0xef 0xbf 0xbd 0xa line break at s 
0xef 0xbf 0xbd 0xef 0xbf 0xbd 0xef 0xbf 0xbd 0xef 0xbf 0xbd 0xa line break at s 
0xef 0xbf 0xbd 0xef 0xbf 0xbd 0xc2 0x96 0xa line break at s 
0xef 0xbf 0xbd 0xef 0xbf 0xbd 0xef 0xbf 0xbd 0xa line break at s 
0xef 0xbf 0xbd 0xef 0xbf 0xbd 0xef 0xbf 0xbd 0xef 0xbf 0xbd 0xef 0xbf 0xbd 0xef 0xbf 0xbd 0xef 0xbf 0xbd 0xf1 0xb9 0xbe 0x92 0xef 0xbf 0xbd 0xa line break at s 
0xef 0xbf 0xbd 0xef 0xbf 0xbd 0xef 0xbf 0xbd 0xef 0xbf 0xbd 0xa line break at s 
0xef 0xbf 0xbd 0xef 0xbf 0xbd 0xef 0xbf 0xbd 0xef 0xbf 0xbd 0xef 0xbf 0xbd 0xef 0xbf 0xbd 0xef 0xbf 0xbd 0xef 0xbf 0xbd 0xef 0xbf 0xbd 0xef 0xbf 0xbd 0xef 0xbf 0xbd 0xa line break at s 
0xef 0xbf 0xbd 0xef 0xbf 0xbd 0xef 0xbf 0xbd 0xef 0xbf 0xbd 0xef 0xbf 0xbd 0xef 0xbf 0xbd 0xa line break at s 
0xef 0xbf 0xbd 0xef 0xbf 0xbd 0xef 0xbf 0xbd 0xef 0xbf 0xbd 0xef 0xbf 0xbd 0xef 0xbf 0xbd 0xc7 0x98 0xa line break at s 
0xef 0xbf 0xbd 0xef 0xbf 0xbd 0xef 0xbf 0xbd 0xef 0xbf 0xbd 0xef 0xbf 0xbd 0xef 0xbf 0xbd 0xa line break at s 
0xe2 0x92 0xbb 0xef 0xbf 0xbd 0xef 0xbf 0xbd 0xef 0xbf 0xbd 0xef 0xbf 0xbd 0xa line break at s 
0xef 0xbf 0xbd 0xef 0xbf 0xbd 0xa line break at s 
0xef 0xbf 0xbd 0xef 0xbf 0xbd 0xef 0xbf 0xbd 0xef 0xbf 0xbd 0xc8 0xb2 0xef 0xbf 0xbd 0xef 0xbf 0xbd 0xef 0xbf 0xbd 0xef 0xbf 0xbd 0xef 0xbf 0xbd 0xa line break at s 
0xef 0xbf 0xbd 0xef 0xbf 0xbd 0xef 0xbf 0xbd 0xef 0xbf 0xbd 0xef 0xbf 0xbd 0xa line break at s 
0xef 0xbf 0xbd 0xef 0xbf 0xbd 0xef 0xbf 0xbd 0xef 0xbf 0xbd 0xef 0xbf 0xbd 0xa line break at s 
0xef 0xbf 0xbd 0xef 0xbf 0xbd 0xef 0xbf 0xbd 0xa line break at s 
0xef 0xbf 0xbd 0xef 0xbf 0xbd 0xef 0xbf 0xbd 0xef 0xbf 0xbd 0xa line break at s 
0xef 0xbf 0xbd 0xe1 0x98 0xb0 0xef 0xbf 0xbd 0xef 0xbf 0xbd 0xef 0xbf 0xbd 0xef 0xbf 0xbd 0xa line break at s 
0xef 0xbf 0xbd 0xef 0xbf 0xbd 0xef 0xbf 0xbd 0xa line break at s 
0xef 0xbf 0xbd 0xef 0xbf 0xbd 0xef 0xbf 0xbd 0xef 0xbf 0xbd 0xef 0xbf 0xbd 0xef 0xbf 0xbd 0xef 0xbf 0xbd 0xa line break at s 
0xef 0xbf 0xbd 0xef 0xbf 0xbd 0xef 0xbf 0xbd 0xef 0xbf 0xbd 0xa line break at s 
0xef 0xbf 0xbd 0xe1 0xbb 0x96 0xef 0xbf 0xbd 0xef 0xbf 0xbd 0xa line break at s 
0xef 0xbf 0xbd 0xe1 0x98 0xbf 0xef 0xbf 0xbd 0xef 0xbf 0xbd 0xa line break at s 
0xef 0xbf 0xbd 0xef 0xbf 0xbd 0xf1 0xb9 0xbe 0x98 0xa line break at s 
0xef 0xbf 0xbd 0xef 0xbf 0xbd 0xef 0xbf 0xbd 0xef 0xbf 0xbd 0xef 0xbf 0xbd 0xef 0xbf 0xbd 0xef 0xbf 0xbd 0xef 0xbf 0xbd 0xef 0xbf 0xbd 0xef 0xbf 0xbd 0xef 0xbf 0xbd 0xef 0xbf 0xbd 0xef 0xbf 0xbd 0xef 0xbf 0xbd 0xef 0xbf 0xbd 0xef 0xbf 0xbd 0xef 0xbf 0xbd 0xef 0xbf 0xbd 0xa line break at s 
0xef 0xbf 0xbd 0xef 0xbf 0xbd 0xef 0xbf 0xbd 0xef 0xbf 0xbd 0xef 0xbf 0xbd 0xa line break at s 
0xef 0xbf 0xbd 0xef 0xbf 0xbd 0xc7 0x9a 0xa line break at s 
0xc8 0xbe 0xef 0xbf 0xbd 0xef 0xbf 0xbd 0xef 0xbf 0xbd 0xef 0xbf 0xbd 0xef 0xbf 0xbd 0xef 0xbf 0xbd 0xef 0xbf 0xbd 0xef 0xbf 0xbd 0xef 0xbf 0xbd 0xa line break at s 
0xef 0xbf 0xbd 0xca 0x92 0xef 0xbf 0xbd 0xef 0xbf 0xbd 0xef 0xbf 0xbd 0xef 0xbf 0xbd 0xef 0xbf 0xbd 0xef 0xbf 0xbd 0xef 0xbf 0xbd 0xef 0xbf 0xbd 0xef 0xbf 0xbd 0xa line break at s 
0xef 0xbf 0xbd 0xef 0xbf 0xbd 0xef 0xbf 0xbd 0xef 0xbf 0xbd 0xef 0xbf 0xbd 0xa line break at s 
0xef 0xbf 0xbd 0xef 0xbf 0xbd 0xef 0xbf 0xbd 0xef 0xbf 0xbd 0xa line break at s 
0xef 0xbf 0xbd 0xef 0xbf 0xbd 0xef 0xbf 0xbd 0xef 0xbf 0xbd 0xa line break at s 
0xef 0xbf 0xbd 0xef 0xbf 0xbd 0xe0 0xb6 0x9a 0xa line break at s 
0xef 0xbf 0xbd 0xef 0xbf 0xbd 0xef 0xbf 0xbd 0xa line break at s 
0xef 0xbf 0xbd 0xef 0xbf 0xbd 0xa line break at s 
0xef 0xbf 0xbd 0xef 0xbf 0xbd 0xa line break at s 
0xef 0xbf 0xbd 0xef 0xbf 0xbd 0xef 0xbf 0xbd 0xef 0xbf 0xbd 0xa line break at s 
0xef 0xbf 0xbd 0xef 0xbf 0xbd 0xef 0xbf 0xbd 0xef 0xbf 0xbd 0xef 0xbf 0xbd 0xef 0xbf 0xbd 0xa line break at s 
0xc7 0x96 0xef 0xbf 0xbd 0xef 0xbf 0xbd 0xef 0xbf 0xbd 0xef 0xbf 0xbd 0xa line break at s 
0xef 0xbf 0xbd 0xef 0xbf 0xbd 0xef 0xbf 0xbd 0xef 0xbf 0xbd 0xef 0xbf 0xbd 0xef 0xbf 0xbd 0xa line break at s 
0xef 0xbf 0xbd 0xef 0xbf 0xbd 0xef 0xbf 0xbd 0xef 0xbf 0xbd 0xa line break at s 
0xef 0xbf 0xbd 0xef 0xbf 0xbd 0xef 0xbf 0xbd 0xef 0xbf 0xbd 0xef 0xbf 0xbd 0xef 0xbf 0xbd 0xef 0xbf 0xbd 0xef 0xbf 0xbd 0xa line break at s 
0xef 0xbf 0xbd 0xef 0xbf 0xbd 0xef 0xbf 0xbd 0xef 0xbf 0xbd 0xef 0xbf 0xbd 0xef 0xbf 0xbd 0xef 0xbf 0xbd 0xef 0xbf 0xbd 0xef 0xbf 0xbd 0xef 0xbf 0xbd 0xa line break at s 
0xef 0xbf 0xbd 0xc7 0x98 0xa line break at s 
0xef 0xbf 0xbd 0xef 0xbf 0xbd 0xc2 0xbb 0xef 0xbf 0xbd 0xa line break at s 
0xef 0xbf 0xbd 0xe1 0x98 0xb6 0xef 0xbf 0xbd 0xa line break at s 
0xe2 0x92 0xbb 0xef 0xbf 0xbd 0xef 0xbf 0xbd 0xef 0xbf 0xbd 0xa line break at s 
0xe2 0xb6 0x93 0xef 0xbf 0xbd 0xef 0xbf 0xbd 0xef 0xbf 0xbd 0xa line break at s 
0xef 0xbf 0xbd 0xcc 0x93 0xa line break at s 
0xef 0xbf 0xbd 0xef 0xbf 0xbd 0xef 0xbf 0xbd 0xdc 0x9a 0xa line break at s 
0xef 0xbf 0xbd 0xef 0xbf 0xbd 0xc8 0x92 0xef 0xbf 0xbd 0xef 0xbf 0xbd 0xef 0xbf 0xbd 0xef 0xbf 0xbd 0xa line break at s 
0xef 0xbf 0xbd 0xef 0xbf 0xbd 0xef 0xbf 0xbd 0xef 0xbf 0xbd 0xa line break at s 
0xef 0xbf 0xbd 0xef 0xbf 0xbd 0xef 0xbf 0xbd 0xef 0xbf 0xbd 0xef 0xbf 0xbd 0xa line break at s 
0xef 0xbf 0xbd 0xef 0xbf 0xbd 0xef 0xbf 0xbd 0xef 0xbf 0xbd 0xa line break at s 
0xe1 0x92 0xbc 0xef 0xbf 0xbd 0xef 0xbf 0xbd 0xef 0xbf 0xbd 0xa line break at s 
0xef 0xbf 0xbd 0xef 0xbf 0xbd 0xef 0xbf 0xbd 0xef 0xbf 0xbd 0xef 0xbf 0xbd 0xef 0xbf 0xbd 0xef 0xbf 0xbd 0xef 0xbf 0xbd 0xef 0xbf 0xbd 0xef 0xbf 0xbd 0xef 0xbf 0xbd 0xef 0xbf 0xbd 0xef 0xbf 0xbd 0xa line break at s 
0xef 0xbf 0xbd 0xef 0xbf 0xbd 0xef 0xbf 0xbd 0xca 0x93 0xef 0xbf 0xbd 0xef 0xbf 0xbd 0xa line break at s 
0xef 0xbf 0xbd 0xef 0xbf 0xbd 0xef 0xbf 0xbd 0xef 0xbf 0xbd 0xef 0xbf 0xbd 0xef 0xbf 0xbd 0xef 0xbf 0xbd 0xef 0xbf 0xbd 0xa line break at s 
0xe2 0x98 0xb6 0xef 0xbf 0xbd 0xef 0xbf 0xbd 0xef 0xbf 0xbd 0xa line break at s 
0xef 0xbf 0xbd 0xef 0xbf 0xbd 0xef 0xbf 0xbd 0xdc 0x92 0xc6 0x9a 0xa line break at s 
0xef 0xbf 0xbd 0xef 0xbf 0xbd 0xef 0xbf 0xbd 0xef 0xbf 0xbd 0xa line break at s 
0xef 0xbf 0xbd 0xef 0xbf 0xbd 0xef 0xbf 0xbd 0xef 0xbf 0xbd 0xef 0xbf 0xbd 0xa line break at s 
0xef 0xbf 0xbd 0xef 0xbf 0xbd 0xef 0xbf 0xbd 0xef 0xbf 0xbd 0xef 0xbf 0xbd 0xef 0xbf 0xbd 0xa line break at s 
0xef 0xbf 0xbd 0xef 0xbf 0xbd 0xef 0xbf 0xbd 0xef 0xbf 0xbd 0xef 0xbf 0xbd 0xa line break at s 
0xef 0xbf 0xbd 0xef 0xbf 0xbd 0xef 0xbf 0xbd 0xef 0xbf 0xbd 0xef 0xbf 0xbd 0xef 0xbf 0xbd 0xef 0xbf 0xbd 0xef 0xbf 0xbd 0xa line break at s 
0xef 0xbf 0xbd 0xa line break at s 
0xef 0xbf 0xbd 0xef 0xbf 0xbd 0xef 0xbf 0xbd 0xa line break at s 
0xef 0xbf 0xbd 0xef 0xbf 0xbd 0xef 0xbf 0xbd 0xef 0xbf 0xbd 0xef 0xbf 0xbd 0xa line break at s 
0xef 0xbf 0xbd 0xef 0xbf 0xbd 0xef 0xbf 0xbd 0xef 0xbf 0xbd 0xef 0xbf 0xbd 0xa line break at s 
0xef 0xbf 0xbd 0xef 0xbf 0xbd 0xef 0xbf 0xbd 0xef 0xbf 0xbd 0xef 0xbf 0xbd 0xef 0xbf 0xbd 0xa line break at s 
0xef 0xbf 0xbd 0xef 0xbf 0xbd 0xef 0xbf 0xbd 0xef 0xbf 0xbd 0xef 0xbf 0xbd 0xef 0xbf 0xbd 0xef 0xbf 0xbd 0xa line break at s 
0xef 0xbf 0xbd 0xef 0xbf 0xbd 0xef 0xbf 0xbd 0xef 0xbf 0xbd 0xef 0xbf 0xbd 0xef 0xbf 0xbd 0xa line break at s 
0xef 0xbf 0xbd 0xef 0xbf 0xbd 0xef 0xbf 0xbd 0xef 0xbf 0xbd 0xef 0xbf 0xbd 0xef 0xbf 0xbd 0xef 0xbf 0xbd 0xef 0xbf 0xbd 0xa line break at s 
0xef 0xbf 0xbd 0xef 0xbf 0xbd 0xef 0xbf 0xbd 0xef 0xbf 0xbd 0xef 0xbf 0xbd 0xa line break at s 
0xef 0xbf 0xbd 0xef 0xbf 0xbd 0xcc 0x92 0xef 0xbf 0xbd 0xa line break at s 
0xe1 0x97 0xbb 0xef 0xbf 0xbd 0xef 0xbf 0xbd 0xa line break at s 
0xef 0xbf 0xbd 0xef 0xbf 0xbd 0xa line break at s 
0xef 0xbf 0xbd 0xef 0xbf 0xbd 0xdc 0xb7 0xef 0xbf 0xbd 0xef 0xbf 0xbd 0xef 0xbf 0xbd 0xef 0xbf 0xbd 0xa line break at s 
0xef 0xbf 0xbd 0xef 0xbf 0xbd 0xef 0xbf 0xbd 0xef 0xbf 0xbd 0xa line break at s 
0xcc 0x93 0xef 0xbf 0xbd 0xef 0xbf 0xbd 0xc8 0x97 0xef 0xbf 0xbd 0xef 0xbf 0xbd 0xa line break at s 
0xef 0xbf 0xbd 0xe1 0x98 0xbe 0xef 0xbf 0xbd 0xef 0xbf 0xbd 0xef 0xbf 0xbd 0xa line break at s 
0xef 0xbf 0xbd 0xef 0xbf 0xbd 0xe2 0x98 0xbf 0xef 0xbf 0xbd 0xa line break at s 
0xef 0xbf 0xbd 0xef 0xbf 0xbd 0xef 0xbf 0xbd 0xef 0xbf 0xbd 0xa line break at s 
0xef 0xbf 0xbd 0xef 0xbf 0xbd 0xef 0xbf 0xbd 0xef 0xbf 0xbd 0xef 0xbf 0xbd 0xa line break at s 
0xc8 0xbe 0xef 0xbf 0xbd 0xef 0xbf 0xbd 0xef 0xbf 0xbd 0xef 0xbf 0xbd 0xef 0xbf 0xbd 0xe1 0x98 0xb6 0xef 0xbf 0xbd 0xa line break at s 
0xe2 0x93 0xb7 0xef 0xbf 0xbd 0xef 0xbf 0xbd 0xef 0xbf 0xbd 0xef 0xbf 0xbd 0xa line break at s 
0xef 0xbf 0xbd 0xef 0xbf 0xbd 0xef 0xbf 0xbd 0xef 0xbf 0xbd 0xa line break at s 
0xef 0xbf 0xbd 0xef 0xbf 0xbd 0xef 0xbf 0xbd 0xef 0xbf 0xbd 0xef 0xbf 0xbd 0xa line break at s 
0xef 0xbf 0xbd 0xef 0xbf 0xbd 0xef 0xbf 0xbd 0xef 0xbf 0xbd 0xef 0xbf 0xbd 0xa line break at s 
0xef 0xbf 0xbd 0xc7 0x9a 0xa line break at s 
0xef 0xbf 0xbd 0xef 0xbf 0xbd 0xef 0xbf 0xbd 0xef 0xbf 0xbd 0xa line break at s 
0xef 0xbf 0xbd 0xef 0xbf 0xbd 0xe1 0x92 0xb6 0xef 0xbf 0xbd 0xa line break at s 
0xef 0xbf 0xbd 0xef 0xbf 0xbd 0xef 0xbf 0xbd 0xef 0xbf 0xbd 0xef 0xbf 0xbd 0xef 0xbf 0xbd 0xa line break at s 
0xef 0xbf 0xbd 0xef 0xbf 0xbd 0xef 0xbf 0xbd 0xa line break at s 
0xef 0xbf 0xbd 0xef 0xbf 0xbd 0xef 0xbf 0xbd 0xef 0xbf 0xbd 0xe0 0xb7 0x9a 0xa line break at s 
0xef 0xbf 0xbd 0xef 0xbf 0xbd 0xef 0xbf 0xbd 0xef 0xbf 0xbd 0xa line break at s 
0xef 0xbf 0xbd 0xef 0xbf 0xbd 0xef 0xbf 0xbd 0xef 0xbf 0xbd 0xa line break at s 
0xef 0xbf 0xbd 0xef 0xbf 0xbd 0xef 0xbf 0xbd 0xef 0xbf 0xbd 0xef 0xbf 0xbd 0xa line break at s 
0xef 0xbf 0xbd 0xef 0xbf 0xbd 0xef 0xbf 0xbd 0xa line break at s 
0xef 0xbf 0xbd 0xef 0xbf 0xbd 0xa line break at s 
0xef 0xbf 0xbd 0xef 0xbf 0xbd 0xef 0xbf 0xbd 0xef 0xbf 0xbd 0xef 0xbf 0xbd 0xa line break at s 
0xef 0xbf 0xbd 0xef 0xbf 0xbd 0xe1 0xbb 0x9a 0xef 0xbf 0xbd 0xa line break at s 
0xef 0xbf 0xbd 0xef 0xbf 0xbd 0xef 0xbf 0xbd 0xef 0xbf 0xbd 0xef 0xbf 0xbd 0xe2 0x98 0xbe 0xa line break at s 
0xef 0xbf 0xbd 0xef 0xbf 0xbd 0xef 0xbf 0xbd 0xef 0xbf 0xbd 0xc6 0x92 0xef 0xbf 0xbd 0xa line break at s 
0xe2 0xb6 0x98 0xef 0xbf 0xbd 0xa line break at s 
0xef 0xbf 0xbd 0xef 0xbf 0xbd 0xa line break at s 
0xef 0xbf 0xbd 0xe1 0x96 0xbb 0xef 0xbf 0xbd 0xa line break at s 
0xe2 0x94 0xb7 0xef 0xbf 0xbd 0xef 0xbf 0xbd 0xef 0xbf 0xbd 0xa line break at s 
0xef 0xbf 0xbd 0xef 0xbf 0xbd 0xef 0xbf 0xbd 0xef 0xbf 0xbd 0xa line break at s 
0xe2 0x9f 0xbc 0xef 0xbf 0xbd 0xa line break at s 
0xef 0xbf 0xbd 0xe1 0x98 0xb9 0xef 0xbf 0xbd 0xef 0xbf 0xbd 0xef 0xbf 0xbd 0xef 0xbf 0xbd 0xef 0xbf 0xbd 0xef 0xbf 0xbd 0xef 0xbf 0xbd 0xa line break at s 
0xef 0xbf 0xbd 0xef 0xbf 0xbd 0xef 0xbf 0xbd 0xef 0xbf 0xbd 0xa line break at s 
0xef 0xbf 0xbd 0xef 0xbf 0xbd 0xef 0xbf 0xbd 0xef 0xbf 0xbd 0xef 0xbf 0xbd 0xa line break at s 
0xef 0xbf 0xbd 0xef 0xbf 0xbd 0xef 0xbf 0xbd 0xef 0xbf 0xbd 0xef 0xbf 0xbd 0xef 0xbf 0xbd 0xdc 0x9a 0xa line break at s 
0xef 0xbf 0xbd 0xef 0xbf 0xbd 0xef 0xbf 0xbd 0xef 0xbf 0xbd 0xef 0xbf 0xbd 0xa line break at s 
0xef 0xbf 0xbd 0xa line break at s 
0xef 0xbf 0xbd 0xef 0xbf 0xbd 0xef 0xbf 0xbd 0xef 0xbf 0xbd 0xef 0xbf 0xbd 0xef 0xbf 0xbd 0xef 0xbf 0xbd 0xef 0xbf 0xbd 0xa line break at s 
0xe1 0x97 0x8a 0xa line break at s 
0xc9 0x92 0xef 0xbf 0xbd 0xa line break at s 
0xca 0x93 0xef 0xbf 0xbd 0xa line break at s 
0xef 0xbf 0xbd 0xef 0xbf 0xbd 0xef 0xbf 0xbd 0xef 0xbf 0xbd 0xa line break at s 
0xef 0xbf 0xbd 0xef 0xbf 0xbd 0xcc 0x92 0xef 0xbf 0xbd 0xa line break at s 
0xef 0xbf 0xbd 0xef 0xbf 0xbd 0xef 0xbf 0xbd 0xef 0xbf 0xbd 0xef 0xbf 0xbd 0xa line break at s 
0xef 0xbf 0xbd 0xef 0xbf 0xbd 0xef 0xbf 0xbd 0xef 0xbf 0xbd 0xa line break at s 
0xef 0xbf 0xbd 0xf1 0xb7 0x98 0xb9 0xa line break at s 
0xef 0xbf 0xbd 0xef 0xbf 0xbd 0xef 0xbf 0xbd 0xa line break at s 
0xef 0xbf 0xbd 0xa line break at s 
0xef 0xbf 0xbd 0xef 0xbf 0xbd 0xef 0xbf 0xbd 0xa line break at s 
0xef 0xbf 0xbd 0xe1 0x98 0xb6 0xa line break at s 
0xef 0xbf 0xbd 0xef 0xbf 0xbd 0xef 0xbf 0xbd 0xef 0xbf 0xbd 0xa line break at s 
0xef 0xbf 0xbd 0xef 0xbf 0xbd 0xef 0xbf 0xbd 0xef 0xbf 0xbd 0xef 0xbf 0xbd 0xa line break at s 
0xef 0xbf 0xbd 0xef 0xbf 0xbd 0xef 0xbf 0xbd 0xef 0xbf 0xbd 0xa line break at s 
0xef 0xbf 0xbd 0xef 0xbf 0xbd 0xef 0xbf 0xbd 0xef 0xbf 0xbd 0xef 0xbf 0xbd 0xa line break at s 
0xef 0xbf 0xbd 0xe2 0x92 0xbe 0xa line break at s 
0xef 0xbf 0xbd 0xcc 0x97 0xc8 0xbe 0xef 0xbf 0xbd 0xa line break at s 
0xef 0xbf 0xbd 0xa line break at s 
0xef 0xbf 0xbd 0xef 0xbf 0xbd 0xe1 0xbb 0x9a 0xa line break at s 
0xef 0xbf 0xbd 0xef 0xbf 0xbd 0xe1 0x93 0xbb 0xa line break at s 
0xef 0xbf 0xbd 0xef 0xbf 0xbd 0xef 0xbf 0xbd 0xef 0xbf 0xbd 0xef 0xbf 0xbd 0xef 0xbf 0xbd 0xa line break at s 
0xef 0xbf 0xbd 0xef 0xbf 0xbd 0xef 0xbf 0xbd 0xe0 0xbb 0xb6 0xef 0xbf 0xbd 0xef 0xbf 0xbd 0xef 0xbf 0xbd 0xef 0xbf 0xbd 0xef 0xbf 0xbd 0xef 0xbf 0xbd 0xe2 0x98 0xbe 0xa line break at s 
0xef 0xbf 0xbd 0xef 0xbf 0xbd 0xa line break at s 
0xef 0xbf 0xbd 0xef 0xbf 0xbd 0xef 0xbf 0xbd 0xc7 0x92 0xa line break at s 
0xef 0xbf 0xbd 0xef 0xbf 0xbd 0xef 0xbf 0xbd 0xef 0xbf 0xbd 0xef 0xbf 0xbd 0xef 0xbf 0xbd 0xef 0xbf 0xbd 0xa line break at s 
0xef 0xbf 0xbd 0xe1 0xbe 0x9a 0xa line break at s 
0xef 0xbf 0xbd 0xef 0xbf 0xbd 0xef 0xbf 0xbd 0xef 0xbf 0xbd 0xa line break at s 
0xef 0xbf 0xbd 0xef 0xbf 0xbd 0xef 0xbf 0xbd 0xa line break at s 
0xef 0xbf 0xbd 0xef 0xbf 0xbd 0xe2 0x98 0xbe 0xa line break at s 
0xe2 0x94 0xb7 0xef 0xbf 0xbd 0xa line break at s 
0xef 0xbf 0xbd 0xef 0xbf 0xbd 0xef 0xbf 0xbd 0xef 0xbf 0xbd 0xef 0xbf 0xbd 0xef 0xbf 0xbd 0xef 0xbf 0xbd 0xa line break at s 
0xef 0xbf 0xbd 0xef 0xbf 0xbd 0xef 0xbf 0xbd 0xef 0xbf 0xbd 0xef 0xbf 0xbd 0xef 0xbf 0xbd 0xa line break at s 
0xef 0xbf 0xbd 0xf1 0xbc 0x98 0xbe 0xa line break at s 
0xef 0xbf 0xbd 0xef 0xbf 0xbd 0xef 0xbf 0xbd 0xef 0xbf 0xbd 0xa line break at s 
0xef 0xbf 0xbd 0xef 0xbf 0xbd 0xef 0xbf 0xbd 0xef 0xbf 0xbd 0xef 0xbf 0xbd 0xa line break at s 
0xe2 0x92 0xbb 0xef 0xbf 0xbd 0xef 0xbf 0xbd 0xa line break at s 
0xef 0xbf 0xbd 0xef 0xbf 0xbd 0xcc 0x9a 0xef 0xbf 0xbd 0xef 0xbf 0xbd 0xef 0xbf 0xbd 0xa line break at s 
0xef 0xbf 0xbd 0xef 0xbf 0xbd 0xef 0xbf 0xbd 0xef 0xbf 0xbd 0xa line break at s 
0xef 0xbf 0xbd 0xa line break at s 
0xef 0xbf 0xbd 0xef 0xbf 0xbd 0xef 0xbf 0xbd 0xef 0xbf 0xbd 0xef 0xbf 0xbd 0xa line break at s 
0xef 0xbf 0xbd 0xef 0xbf 0xbd 0xef 0xbf 0xbd 0xef 0xbf 0xbd 0xa line break at s 
0xef 0xbf 0xbd 0xef 0xbf 0xbd 0xef 0xbf 0xbd 0xef 0xbf 0xbd 0xa line break at s 
0xef 0xbf 0xbd 0xef 0xbf 0xbd 0xef 0xbf 0xbd 0xef 0xbf 0xbd 0xef 0xbf 0xbd 0xef 0xbf 0xbd 0xef 0xbf 0xbd 0xef 0xbf 0xbd 0xa line break at s 
0xef 0xbf 0xbd 0xef 0xbf 0xbd 0xef 0xbf 0xbd 0xef 0xbf 0xbd 0xef 0xbf 0xbd 0xef 0xbf 0xbd 0xa line break at s 
0xef 0xbf 0xbd 0xef 0xbf 0xbd 0xe1 0xbb 0x9a 0xef 0xbf 0xbd 0xef 0xbf 0xbd 0xa line break at s 
0xef 0xbf 0xbd 0xef 0xbf 0xbd 0xa line break at s 
0xef 0xbf 0xbd 0xef 0xbf 0xbd 0xc7 0xb0 0xa line break at s 
0xef 0xbf 0xbd 0xef 0xbf 0xbd 0xef 0xbf 0xbd 0xef 0xbf 0xbd 0xef 0xbf 0xbd 0xa line break at s 
0xef 0xbf 0xbd 0xef 0xbf 0xbd 0xef 0xbf 0xbd 0xef 0xbf 0xbd 0xa line break at s 
0xef 0xbf 0xbd 0xef 0xbf 0xbd 0xef 0xbf 0xbd 0xef 0xbf 0xbd 0xef 0xbf 0xbd 0xa line break at s 
0xef 0xbf 0xbd 0xef 0xbf 0xbd 0xc7 0x9e 0xa line break at s 
0xef 0xbf 0xbd 0xef 0xbf 0xbd 0xa line break at s 
0xef 0xbf 0xbd 0xef 0xbf 0xbd 0xe0 0xb7 0x98 0xa line break at s 
0xef 0xbf 0xbd 0xef 0xbf 0xbd 0xef 0xbf 0xbd 0xa line break at s 
0xef 0xbf 0xbd 0xef 0xbf 0xbd 0xef 0xbf 0xbd 0xef 0xbf 0xbd 0xa line break at s 
0xef 0xbf 0xbd 0xa line break at s 
0xef 0xbf 0xbd 0xef 0xbf 0xbd 0xe1 0xbb 0x96 0xef 0xbf 0xbd 0xa line break at s 
0xef 0xbf 0xbd 0xef 0xbf 0xbd 0xef 0xbf 0xbd 0xef 0xbf 0xbd 0xef 0xbf 0xbd 0xef 0xbf 0xbd 0xa line break at s 
0xef 0xbf 0xbd 0xef 0xbf 0xbd 0xef 0xbf 0xbd 0xef 0xbf 0xbd 0xa line break at s 
0xef 0xbf 0xbd 0xe1 0xbe 0x96 0xef 0xbf 0xbd 0xef 0xbf 0xbd 0xef 0xbf 0xbd 0xef 0xbf 0xbd 0xa line break at s 
0xef 0xbf 0xbd 0xef 0xbf 0xbd 0xef 0xbf 0xbd 0xef 0xbf 0xbd 0xef 0xbf 0xbd 0xef 0xbf 0xbd 0xef 0xbf 0xbd 0xa line break at s 
0xef 0xbf 0xbd 0xef 0xbf 0xbd 0xef 0xbf 0xbd 0xa line break at s 
0xef 0xbf 0xbd 0xef 0xbf 0xbd 0xef 0xbf 0xbd 0xef 0xbf 0xbd 0xa line break at s 
0xef 0xbf 0xbd 0xef 0xbf 0xbd 0xef 0xbf 0xbd 0xef 0xbf 0xbd 0xef 0xbf 0xbd 0xa line break at s 
0xef 0xbf 0xbd 0xef 0xbf 0xbd 0xa line break at s 
0xef 0xbf 0xbd 0xef 0xbf 0xbd 0xef 0xbf 0xbd 0xef 0xbf 0xbd 0xef 0xbf 0xbd 0xa line break at s 
0xef 0xbf 0xbd 0xef 0xbf 0xbd 0xef 0xbf 0xbd 0xef 0xbf 0xbd 0xa line break at s 
0xef 0xbf 0xbd 0xef 0xbf 0xbd 0xef 0xbf 0xbd 0xa line break at s 
0xef 0xbf 0xbd 0xef 0xbf 0xbd 0xef 0xbf 0xbd 0xef 0xbf 0xbd 0xef 0xbf 0xbd 0xef 0xbf 0xbd 0xa line break at s 
0xef 0xbf 0xbd 0xef 0xbf 0xbd 0xca 0x92 0xef 0xbf 0xbd 0xef 0xbf 0xbd 0xef 0xbf 0xbd 0xef 0xbf 0xbd 0xef 0xbf 0xbd 0xef 0xbf 0xbd 0xef 0xbf 0xbd 0xef 0xbf 0xbd 0xef 0xbf 0xbd 0xa line break at s 
0xef 0xbf 0xbd 0xef 0xbf 0xbd 0xef 0xbf 0xbd 0xef 0xbf 0xbd 0xef 0xbf 0xbd 0xef 0xbf 0xbd 0xcd 0x98 0xef 0xbf 0xbd 0xa line break at s 
0xef 0xbf 0xbd 0xef 0xbf 0xbd 0xe1 0x92 0xbb 0xef 0xbf 0xbd 0xa line break at s 
0xef 0xbf 0xbd 0xef 0xbf 0xbd 0xef 0xbf 0xbd 0xef 0xbf 0xbd 0xef 0xbf 0xbd 0xef 0xbf 0xbd 0xa line break at s 
0xef 0xbf 0xbd 0xef 0xbf 0xbd 0xef 0xbf 0xbd 0xef 0xbf 0xbd 0xef 0xbf 0xbd 0xa line break at s 
0xef 0xbf 0xbd 0xef 0xbf 0xbd 0xef 0xbf 0xbd 0xa line break at s 
0xef 0xbf 0xbd 0xef 0xbf 0xbd 0xef 0xbf 0xbd 0xef 0xbf 0xbd 0xef 0xbf 0xbd 0xef 0xbf 0xbd 0xef 0xbf 0xbd 0xef 0xbf 0xbd 0xef 0xbf 0xbd 0xa line break at s 
0xef 0xbf 0xbd 0xa line break at s 
0xef 0xbf 0xbd 0xef 0xbf 0xbd 0xef 0xbf 0xbd 0xa line break at s 
0xef 0xbf 0xbd 0xef 0xbf 0xbd 0xa line break at s 
0xef 0xbf 0xbd 0xef 0xbf 0xbd 0xef 0xbf 0xbd 0xef 0xbf 0xbd 0xa line break at s 
0xef 0xbf 0xbd 0xef 0xbf 0xbd 0xef 0xbf 0xbd 0xa line break at s 
0xef 0xbf 0xbd 0xef 0xbf 0xbd 0xe0 0xb7 0x98 0xa line break at s 
0xef 0xbf 0xbd 0xef 0xbf 0xbd 0xe1 0xbb 0x96 0xa line break at s 
0xef 0xbf 0xbd 0xef 0xbf 0xbd 0xef 0xbf 0xbd 0xef 0xbf 0xbd 0xef 0xbf 0xbd 0xa line break at s 
0xe2 0xb6 0x98 0xa line break at s 
0xef 0xbf 0xbd 0xef 0xbf 0xbd 0xe1 0xbb 0x96 0xef 0xbf 0xbd 0xa line break at s 
0xef 0xbf 0xbd 0xe1 0xbb 0x96 0xa line break at s 
0xe2 0x92 0xbb 0xef 0xbf 0xbd 0xef 0xbf 0xbd 0xa line break at s 
0xef 0xbf 0xbd 0xef 0xbf 0xbd 0xef 0xbf 0xbd 0xef 0xbf 0xbd 0xa line break at s 
0xef 0xbf 0xbd 0xef 0xbf 0xbd 0xef 0xbf 0xbd 0xef 0xbf 0xbd 0xef 0xbf 0xbd 0xa line break at s 
0xef 0xbf 0xbd 0xca 0xbc 0xef 0xbf 0xbd 0xa line break at s 
0xef 0xbf 0xbd 0xef 0xbf 0xbd 0xef 0xbf 0xbd 0xef 0xbf 0xbd 0xa line break at s 
0xef 0xbf 0xbd 0xef 0xbf 0xbd 0xef 0xbf 0xbd 0xef 0xbf 0xbd 0xa line break at s 
0xef 0xbf 0xbd 0xef 0xbf 0xbd 0xef 0xbf 0xbd 0xef 0xbf 0xbd 0xa line break at s 
0xef 0xbf 0xbd 0xef 0xbf 0xbd 0xa line break at s 
0xef 0xbf 0xbd 0xc4 0x97 0xef 0xbf 0xbd 0xa line break at s 
0xef 0xbf 0xbd 0xef 0xbf 0xbd 0xef 0xbf 0xbd 0xa line break at s 
0xef 0xbf 0xbd 0xef 0xbf 0xbd 0xc8 0xb6 0xef 0xbf 0xbd 0xa line break at s 
0xef 0xbf 0xbd 0xef 0xbf 0xbd 0xef 0xbf 0xbd 0xef 0xbf 0xbd 0xef 0xbf 0xbd 0xa line break at s 
0xef 0xbf 0xbd 0xef 0xbf 0xbd 0xef 0xbf 0xbd 0xef 0xbf 0xbd 0xef 0xbf 0xbd 0xef 0xbf 0xbd 0xa line break at s 
0xef 0xbf 0xbd 0xef 0xbf 0xbd 0xef 0xbf 0xbd 0xa line break at s 
0xef 0xbf 0xbd 0xef 0xbf 0xbd 0xef 0xbf 0xbd 0xef 0xbf 0xbd 0xa line break at s 
0xef 0xbf 0xbd 0xef 0xbf 0xbd 0xef 0xbf 0xbd 0xa line break at s 
0xef 0xbf 0xbd 0xef 0xbf 0xbd 0xef 0xbf 0xbd 0xef 0xbf 0xbd 0xef 0xbf 0xbd 0xef 0xbf 0xbd 0xef 0xbf 0xbd 0xef 0xbf 0xbd 0xa line break at s 
0xef 0xbf 0xbd 0xef 0xbf 0xbd 0xef 0xbf 0xbd 0xef 0xbf 0xbd 0xef 0xbf 0xbd 0xa line break at s 
0xcc 0x93 0xef 0xbf 0xbd 0xef 0xbf 0xbd 0xef 0xbf 0xbd 0xa line break at s 
0xef 0xbf 0xbd 0xef 0xbf 0xbd 0xef 0xbf 0xbd 0xef 0xbf 0xbd 0xa line break at s 
0xef 0xbf 0xbd 0xef 0xbf 0xbd 0xef 0xbf 0xbd 0xef 0xbf 0xbd 0xef 0xbf 0xbd 0xef 0xbf 0xbd 0xef 0xbf 0xbd 0xef 0xbf 0xbd 0xa line break at s 
0xe2 0x92 0xbb 0xef 0xbf 0xbd 0xa line break at s 
0xef 0xbf 0xbd 0xef 0xbf 0xbd 0xef 0xbf 0xbd 0xa line break at s 
0xef 0xbf 0xbd 0xef 0xbf 0xbd 0xa line break at s 
0xef 0xbf 0xbd 0xef 0xbf 0xbd 0xc8 0xb1 0xef 0xbf 0xbd 0xef 0xbf 0xbd 0xa line break at s 
0xef 0xbf 0xbd 0xef 0xbf 0xbd 0xe0 0xb6 0x9a 0xa line break at s 
0xef 0xbf 0xbd 0xef 0xbf 0xbd 0xef 0xbf 0xbd 0xef 0xbf 0xbd 0xa line break at s 
0xef 0xbf 0xbd 0xef 0xbf 0xbd 0xef 0xbf 0xbd 0xef 0xbf 0xbd 0xa line break at s 
0xef 0xbf 0xbd 0xef 0xbf 0xbd 0xef 0xbf 0xbd 0xef 0xbf 0xbd 0xa line break at s 
0xef 0xbf 0xbd 0xef 0xbf 0xbd 0xe0 0xbb 0x96 0xa line break at s 
0xef 0xbf 0xbd 0xe1 0xbb 0x9a 0xef 0xbf 0xbd 0xa line break at s 
0xef 0xbf 0xbd 0xef 0xbf 0xbd 0xc8 0x92 0xef 0xbf 0xbd 0xef 0xbf 0xbd 0xef 0xbf 0xbd 0xef 0xbf 0xbd 0xef 0xbf 0xbd 0xa line break at s 
0xef 0xbf 0xbd 0xe1 0x98 0x86 0xa line break at s 
0xef 0xbf 0xbd 0xef 0xbf 0xbd 0xef 0xbf 0xbd 0xef 0xbf 0xbd 0xef 0xbf 0xbd 0xef 0xbf 0xbd 0xa line break at s 
0xef 0xbf 0xbd 0xef 0xbf 0xbd 0xc8 0x9a 0xa line break at s 
0xef 0xbf 0xbd 0xc4 0xbb 0xef 0xbf 0xbd 0xa line break at s 
0xef 0xbf 0xbd 0xef 0xbf 0xbd 0xef 0xbf 0xbd 0xef 0xbf 0xbd 0xef 0xbf 0xbd 0xa line break at s 
0xef 0xbf 0xbd 0xef 0xbf 0xbd 0xef 0xbf 0xbd 0xef 0xbf 0xbd 0xef 0xbf 0xbd 0xa line break at s 
0xef 0xbf 0xbd 0xef 0xbf 0xbd 0xef 0xbf 0xbd 0xef 0xbf 0xbd 0xef 0xbf 0xbd 0xef 0xbf 0xbd 0xa line break at s 
0xef 0xbf 0xbd 0xef 0xbf 0xbd 0xa line break at s 
0xef 0xbf 0xbd 0xef 0xbf 0xbd 0xef 0xbf 0xbd 0xa line break at s 
0xef 0xbf 0xbd 0xef 0xbf 0xbd 0xef 0xbf 0xbd 0xef 0xbf 0xbd 0xef 0xbf 0xbd 0xa line break at s 
0xef 0xbf 0xbd 0xef 0xbf 0xbd 0xef 0xbf 0xbd 0xef 0xbf 0xbd 0xef 0xbf 0xbd 0xa line break at s 
0xef 0xbf 0xbd 0xef 0xbf 0xbd 0xc7 0x9a 0xa line break at s 
0xef 0xbf 0xbd 0xef 0xbf 0xbd 0xef 0xbf 0xbd 0xef 0xbf 0xbd 0xef 0xbf 0xbd 0xef 0xbf 0xbd 0xef 0xbf 0xbd 0xef 0xbf 0xbd 0xef 0xbf 0xbd 0xa line break at s 
0xef 0xbf 0xbd 0xef 0xbf 0xbd 0xef 0xbf 0xbd 0xa line break at s 
0xef 0xbf 0xbd 0xef 0xbf 0xbd 0xef 0xbf 0xbd 0xa line break at s 
0xef 0xbf 0xbd 0xef 0xbf 0xbd 0xef 0xbf 0xbd 0xef 0xbf 0xbd 0xa line break at s 
0xef 0xbf 0xbd 0xef 0xbf 0xbd 0xa line break at s 
0xc2 0x97 0xef 0xbf 0xbd 0xef 0xbf 0xbd 0xa line break at s 
0xef 0xbf 0xbd 0xef 0xbf 0xbd 0xef 0xbf 0xbd 0xa line break at s 
0xef 0xbf 0xbd 0xef 0xbf 0xbd 0xef 0xbf 0xbd 0xef 0xbf 0xbd 0xa line break at s 
0xef 0xbf 0xbd 0xef 0xbf 0xbd 0xef 0xbf 0xbd 0xef 0xbf 0xbd 0xa line break at s 
0xef 0xbf 0xbd 0xef 0xbf 0xbd 0xef 0xbf 0xbd 0xef 0xbf 0xbd 0xef 0xbf 0xbd 0xcd 0x98 0xef 0xbf 0xbd 0xa line break at s 
0xef 0xbf 0xbd 0xef 0xbf 0xbd 0xa line break at s 
0xef 0xbf 0xbd 0xef 0xbf 0xbd 0xa line break at s 
0xef 0xbf 0xbd 0xef 0xbf 0xbd 0xef 0xbf 0xbd 0xef 0xbf 0xbd 0xef 0xbf 0xbd 0xef 0xbf 0xbd 0xef 0xbf 0xbd 0xef 0xbf 0xbd 0xa line break at s 
0xcc 0x92 0xef 0xbf 0xbd 0xef 0xbf 0xbd 0xef 0xbf 0xbd 0xa line break at s 
0xef 0xbf 0xbd 0xef 0xbf 0xbd 0xef 0xbf 0xbd 0xa line break at s 
0xef 0xbf 0xbd 0xef 0xbf 0xbd 0xef 0xbf 0xbd 0xef 0xbf 0xbd 0xa line break at s 
0xef 0xbf 0xbd 0xef 0xbf 0xbd 0xef 0xbf 0xbd 0xef 0xbf 0xbd 0xef 0xbf 0xbd 0xef 0xbf 0xbd 0xa line break at s 
0xca 0xbb 0xef 0xbf 0xbd 0xef 0xbf 0xbd 0xef 0xbf 0xbd 0xef 0xbf 0xbd 0xa line break at s 
0xef 0xbf 0xbd 0xef 0xbf 0xbd 0xef 0xbf 0xbd 0xef 0xbf 0xbd 0xa line break at s 
0xef 0xbf 0xbd 0xef 0xbf 0xbd 0xef 0xbf 0xbd 0xa line break at s 
0xef 0xbf 0xbd 0xef 0xbf 0xbd 0xef 0xbf 0xbd 0xa line break at s 
0xef 0xbf 0xbd 0xef 0xbf 0xbd 0xef 0xbf 0xbd 0xef 0xbf 0xbd 0xa line break at s 
0xef 0xbf 0xbd 0xf1 0xb1 0x9b 0xb6 0xa line break at s 
0xef 0xbf 0xbd 0xef 0xbf 0xbd 0xef 0xbf 0xbd 0xa line break at s 
0xef 0xbf 0xbd 0xef 0xbf 0xbd 0xef 0xbf 0xbd 0xef 0xbf 0xbd 0xa line break at s 
0xef 0xbf 0xbd 0xef 0xbf 0xbd 0xef 0xbf 0xbd 0xef 0xbf 0xbd 0xa line break at s 
0xef 0xbf 0xbd 0xef 0xbf 0xbd 0xef 0xbf 0xbd 0xef 0xbf 0xbd 0xef 0xbf 0xbd 0xa line break at s 
0xef 0xbf 0xbd 0xef 0xbf 0xbd 0xef 0xbf 0xbd 0xef 0xbf 0xbd 0xef 0xbf 0xbd 0xef 0xbf 0xbd 0xef 0xbf 0xbd 0xa line break at s 
0xef 0xbf 0xbd 0xef 0xbf 0xbd 0xef 0xbf 0xbd 0xef 0xbf 0xbd 0xef 0xbf 0xbd 0xef 0xbf 0xbd 0xa line break at s 
0xe2 0x94 0xb1 0xef 0xbf 0xbd 0xef 0xbf 0xbd 0xef 0xbf 0xbd 0xa line break at s 
0xef 0xbf 0xbd 0xef 0xbf 0xbd 0xef 0xbf 0xbd 0xa line break at s 
0xef 0xbf 0xbd 0xe1 0x92 0xbb 0xef 0xbf 0xbd 0xa line break at s 
0xef 0xbf 0xbd 0xa line break at s 
0xc8 0xbe 0xef 0xbf 0xbd 0xe2 0xb2 0xb0 0xef 0xbf 0xbd 0xef 0xbf 0xbd 0xef 0xbf 0xbd 0xef 0xbf 0xbd 0xef 0xbf 0xbd 0xef 0xbf 0xbd 0xef 0xbf 0xbd 0xef 0xbf 0xbd 0xef 0xbf 0xbd 0xa line break at s 
0xcc 0x92 0xef 0xbf 0xbd 0xef 0xbf 0xbd 0xef 0xbf 0xbd 0xef 0xbf 0xbd 0xa line break at s 
0xef 0xbf 0xbd 0xef 0xbf 0xbd 0xef 0xbf 0xbd 0xa line break at s 
0xef 0xbf 0xbd 0xef 0xbf 0xbd 0xef 0xbf 0xbd 0xa line break at s 
0xef 0xbf 0xbd 0xef 0xbf 0xbd 0xef 0xbf 0xbd 0xc7 0x98 0xef 0xbf 0xbd 0xef 0xbf 0xbd 0xef 0xbf 0xbd 0xa line break at s 
0xef 0xbf 0xbd 0xef 0xbf 0xbd 0xef 0xbf 0xbd 0xa line break at s 
0xef 0xbf 0xbd 0xef 0xbf 0xbd 0xef 0xbf 0xbd 0xef 0xbf 0xbd 0xef 0xbf 0xbd 0xa line break at s 
0xcc 0x98 0xe2 0x92 0xbb 0xa line break at s 
0xe1 0x97 0xb7 0xa line break at s 
0xef 0xbf 0xbd 0xef 0xbf 0xbd 0xef 0xbf 0xbd 0xef 0xbf 0xbd 0xef 0xbf 0xbd 0xef 0xbf 0xbd 0xef 0xbf 0xbd 0xa line break at s 
0xef 0xbf 0xbd 0xef 0xbf 0xbd 0xef 0xbf 0xbd 0xef 0xbf 0xbd 0xef 0xbf 0xbd 0xef 0xbf 0xbd 0xef 0xbf 0xbd 0xef 0xbf 0xbd 0xef 0xbf 0xbd 0xa line break at s 
0xef 0xbf 0xbd 0xef 0xbf 0xbd 0xef 0xbf 0xbd 0xef 0xbf 0xbd 0xef 0xbf 0xbd 0xa line break at s 
0xef 0xbf 0xbd 0xef 0xbf 0xbd 0xca 0xb1 0xa line break at s 
0xef 0xbf 0xbd 0xef 0xbf 0xbd 0xef 0xbf 0xbd 0xa line break at s 
0xef 0xbf 0xbd 0xef 0xbf 0xbd 0xef 0xbf 0xbd 0xa line break at s 
0xef 0xbf 0xbd 0xef 0xbf 0xbd 0xef 0xbf 0xbd 0xe0 0xbb 0x9a 0xef 0xbf 0xbd 0xa line break at s 
0xca 0x92 0xef 0xbf 0xbd 0xef 0xbf 0xbd 0xdc 0x98 0xa line break at s 
0xef 0xbf 0xbd 0xef 0xbf 0xbd 0xef 0xbf 0xbd 0xef 0xbf 0xbd 0xa line break at s 
0xef 0xbf 0xbd 0xef 0xbf 0xbd 0xef 0xbf 0xbd 0xef 0xbf 0xbd 0xef 0xbf 0xbd 0xef 0xbf 0xbd 0xa line break at s 
0xef 0xbf 0xbd 0xef 0xbf 0xbd 0xef 0xbf 0xbd 0xef 0xbf 0xbd 0xef 0xbf 0xbd 0xef 0xbf 0xbd 0xe1 0x98 0xb9 0xef 0xbf 0xbd 0xef 0xbf 0xbd 0xef 0xbf 0xbd 0xef 0xbf 0xbd 0xef 0xbf 0xbd 0xef 0xbf 0xbd 0xef 0xbf 0xbd 0xef 0xbf 0xbd 0xef 0xbf 0xbd 0xa line break at s 
0xef 0xbf 0xbd 0xef 0xbf 0xbd 0xef 0xbf 0xbd 0xef 0xbf 0xbd 0xef 0xbf 0xbd 0xef 0xbf 0xbd 0xa line break at s 
0xef 0xbf 0xbd 0xef 0xbf 0xbd 0xef 0xbf 0xbd 0xc6 0x98 0xa line break at s 
0xef 0xbf 0xbd 0xef 0xbf 0xbd 0xa line break at s 
0xef 0xbf 0xbd 0xef 0xbf 0xbd 0xef 0xbf 0xbd 0xef 0xbf 0xbd 0xef 0xbf 0xbd 0xef 0xbf 0xbd 0xef 0xbf 0xbd 0xef 0xbf 0xbd 0xef 0xbf 0xbd 0xef 0xbf 0xbd 0xa line break at s 
0xef 0xbf 0xbd 0xef 0xbf 0xbd 0xef 0xbf 0xbd 0xef 0xbf 0xbd 0xef 0xbf 0xbd 0xa line break at s 
0xef 0xbf 0xbd 0xef 0xbf 0xbd 0xef 0xbf 0xbd 0xa line break at s 
0xef 0xbf 0xbd 0xef 0xbf 0xbd 0xef 0xbf 0xbd 0xef 0xbf 0xbd 0xef 0xbf 0xbd 0xa line break at s 
0xef 0xbf 0xbd 0xef 0xbf 0xbd 0xef 0xbf 0xbd 0xa line break at s 
0xef 0xbf 0xbd 0xef 0xbf 0xbd 0xe1 0x98 0xbe 0xa line break at s 
0xca 0x96 0xef 0xbf 0xbd 0xa line break at s 
0xca 0x97 0xef 0xbf 0xbd 0xef 0xbf 0xbd 0xa line break at s 
0xef 0xbf 0xbd 0xef 0xbf 0xbd 0xef 0xbf 0xbd 0xa line break at s 
0xef 0xbf 0xbd 0xef 0xbf 0xbd 0xa line break at s 
0xef 0xbf 0xbd 0xef 0xbf 0xbd 0xef 0xbf 0xbd 0xef 0xbf 0xbd 0xef 0xbf 0xbd 0xa line break at s 
0xef 0xbf 0xbd 0xef 0xbf 0xbd 0xef 0xbf 0xbd 0xef 0xbf 0xbd 0xa line break at s 
0xef 0xbf 0xbd 0xef 0xbf 0xbd 0xef 0xbf 0xbd 0xa line break at s 
0xef 0xbf 0xbd 0xef 0xbf 0xbd 0xef 0xbf 0xbd 0xef 0xbf 0xbd 0xa line break at s 
0xef 0xbf 0xbd 0xef 0xbf 0xbd 0xc3 0x98 0xef 0xbf 0xbd 0xef 0xbf 0xbd 0xa line break at s 
0xef 0xbf 0xbd 0xe1 0xbb 0x9a 0xef 0xbf 0xbd 0xa line break at s 
0xef 0xbf 0xbd 0xef 0xbf 0xbd 0xc3 0x96 0xa line break at s 
0xef 0xbf 0xbd 0xef 0xbf 0xbd 0xef 0xbf 0xbd 0xa line break at s 
0xef 0xbf 0xbd 0xef 0xbf 0xbd 0xef 0xbf 0xbd 0xef 0xbf 0xbd 0xa line break at s 
0xef 0xbf 0xbd 0xef 0xbf 0xbd 0xef 0xbf 0xbd 0xef 0xbf 0xbd 0xef 0xbf 0xbd 0xef 0xbf 0xbd 0xa line break at s 
0xc4 0x9a 0xef 0xbf 0xbd 0xa line break at s 
0xef 0xbf 0xbd 0xef 0xbf 0xbd 0xe2 0x98 0xb6 0xef 0xbf 0xbd 0xef 0xbf 0xbd 0xa line break at s 
0xef 0xbf 0xbd 0xef 0xbf 0xbd 0xef 0xbf 0xbd 0xef 0xbf 0xbd 0xef 0xbf 0xbd 0xef 0xbf 0xbd 0xa line break at s 
0xef 0xbf 0xbd 0xef 0xbf 0xbd 0xef 0xbf 0xbd 0xef 0xbf 0xbd 0xef 0xbf 0xbd 0xef 0xbf 0xbd 0xef 0xbf 0xbd 0xa line break at s 
0xef 0xbf 0xbd 0xe1 0x96 0xbb 0xef 0xbf 0xbd 0xa line break at s 
0xef 0xbf 0xbd 0xef 0xbf 0xbd 0xef 0xbf 0xbd 0xef 0xbf 0xbd 0xc8 0x98 0xef 0xbf 0xbd 0xef 0xbf 0xbd 0xc7 0x98 0xa line break at s 
0xef 0xbf 0xbd 0xef 0xbf 0xbd 0xef 0xbf 0xbd 0xef 0xbf 0xbd 0xef 0xbf 0xbd 0xa line break at s 
0xef 0xbf 0xbd 0xef 0xbf 0xbd 0xdc 0x92 0xef 0xbf 0xbd 0xa line break at s 
0xef 0xbf 0xbd 0xef 0xbf 0xbd 0xef 0xbf 0xbd 0xef 0xbf 0xbd 0xa line break at s 
0xef 0xbf 0xbd 0xef 0xbf 0xbd 0xef 0xbf 0xbd 0xef 0xbf 0xbd 0xef 0xbf 0xbd 0xef 0xbf 0xbd 0xe0 0xb7 0x9a 0xa line break at s 
0xef 0xbf 0xbd 0xef 0xbf 0xbd 0xcc 0x9a 0xef 0xbf 0xbd 0xef 0xbf 0xbd 0xef 0xbf 0xbd 0xef 0xbf 0xbd 0xa line break at s 
0xca 0x82 0xef 0xbf 0xbd 0xef 0xbf 0xbd 0xef 0xbf 0xbd 0xa line break at s 
0xef 0xbf 0xbd 0xef 0xbf 0xbd 0xef 0xbf 0xbd 0xef 0xbf 0xbd 0xef 0xbf 0xbd 0xa line break at s 
0xe0 0xb2 0xb6 0xa line break at s 
0xef 0xbf 0xbd 0xef 0xbf 0xbd 0xf1 0xbc 0x98 0xbe 0xef 0xbf 0xbd 0xef 0xbf 0xbd 0xa line break at s 
0xef 0xbf 0xbd 0xef 0xbf 0xbd 0xef 0xbf 0xbd 0xa line break at s 
0xef 0xbf 0xbd 0xef 0xbf 0xbd 0xef 0xbf 0xbd 0xef 0xbf 0xbd 0xef 0xbf 0xbd 0xef 0xbf 0xbd 0xa line break at s 
0xe2 0x93 0xb0 0xef 0xbf 0xbd 0xef 0xbf 0xbd 0xef 0xbf 0xbd 0xa line break at s 
0xef 0xbf 0xbd 0xef 0xbf 0xbd 0xef 0xbf 0xbd 0xef 0xbf 0xbd 0xef 0xbf 0xbd 0xa line break at s 
0xef 0xbf 0xbd 0xef 0xbf 0xbd 0xef 0xbf 0xbd 0xef 0xbf 0xbd 0xef 0xbf 0xbd 0xef 0xbf 0xbd 0xa line break at s 
0xef 0xbf 0xbd 0xef 0xbf 0xbd 0xef 0xbf 0xbd 0xef 0xbf 0xbd 0xef 0xbf 0xbd 0xef 0xbf 0xbd 0xef 0xbf 0xbd 0xef 0xbf 0xbd 0xa line break at s 
0xef 0xbf 0xbd 0xef 0xbf 0xbd 0xef 0xbf 0xbd 0xef 0xbf 0xbd 0xe2 0x98 0xb8 0xef 0xbf 0xbd 0xef 0xbf 0xbd 0xa line break at s 
0xef 0xbf 0xbd 0xef 0xbf 0xbd 0xef 0xbf 0xbd 0xa line break at s 
0xef 0xbf 0xbd 0xef 0xbf 0xbd 0xef 0xbf 0xbd 0xef 0xbf 0xbd 0xef 0xbf 0xbd 0xef 0xbf 0xbd 0xa line break at s 
0xef 0xbf 0xbd 0xef 0xbf 0xbd 0xef 0xbf 0xbd 0xc7 0x92 0xa line break at s 
0xef 0xbf 0xbd 0xef 0xbf 0xbd 0xcc 0x96 0xef 0xbf 0xbd 0xa line break at s 
0xef 0xbf 0xbd 0xef 0xbf 0xbd 0xef 0xbf 0xbd 0xef 0xbf 0xbd 0xef 0xbf 0xbd 0xdc 0x92 0xef 0xbf 0xbd 0xa line break at s 
0xef 0xbf 0xbd 0xef 0xbf 0xbd 0xef 0xbf 0xbd 0xa line break at s 
0xe2 0x9b 0xbe 0xef 0xbf 0xbd 0xef 0xbf 0xbd 0xa line break at s 
0xef 0xbf 0xbd 0xef 0xbf 0xbd 0xef 0xbf 0xbd 0xef 0xbf 0xbd 0xa line break at s 
0xef 0xbf 0xbd 0xef 0xbf 0xbd 0xef 0xbf 0xbd 0xef 0xbf 0xbd 0xa line break at s 
0xef 0xbf 0xbd 0xef 0xbf 0xbd 0xef 0xbf 0xbd 0xef 0xbf 0xbd 0xa line break at s 
0xef 0xbf 0xbd 0xef 0xbf 0xbd 0xa line break at s 
0xef 0xbf 0xbd 0xef 0xbf 0xbd 0xef 0xbf 0xbd 0xe1 0x98 0xbc 0xef 0xbf 0xbd 0xa line break at s 
0xef 0xbf 0xbd 0xef 0xbf 0xbd 0xef 0xbf 0xbd 0xf1 0xb9 0xbe 0x92 0xef 0xbf 0xbd 0xa line break at s 
0xef 0xbf 0xbd 0xef 0xbf 0xbd 0xef 0xbf 0xbd 0xef 0xbf 0xbd 0xef 0xbf 0xbd 0xef 0xbf 0xbd 0xca 0x92 0xef 0xbf 0xbd 0xa line break at s 
0xef 0xbf 0xbd 0xef 0xbf 0xbd 0xef 0xbf 0xbd 0xef 0xbf 0xbd 0xa line break at s 
0xef 0xbf 0xbd 0xef 0xbf 0xbd 0xef 0xbf 0xbd 0xef 0xbf 0xbd 0xef 0xbf 0xbd 0xf1 0xb1 0x92 0xb0 0xa line break at s 
0xef 0xbf 0xbd 0xef 0xbf 0xbd 0xef 0xbf 0xbd 0xef 0xbf 0xbd 0xef 0xbf 0xbd 0xa line break at s 
0xef 0xbf 0xbd 0xef 0xbf 0xbd 0xef 0xbf 0xbd 0xef 0xbf 0xbd 0xef 0xbf 0xbd 0xa line break at s 
0xef 0xbf 0xbd 0xef 0xbf 0xbd 0xef 0xbf 0xbd 0xa line break at s 
0xef 0xbf 0xbd 0xef 0xbf 0xbd 0xef 0xbf 0xbd 0xef 0xbf 0xbd 0xef 0xbf 0xbd 0xa line break at s 
0xef 0xbf 0xbd 0xef 0xbf 0xbd 0xef 0xbf 0xbd 0xef 0xbf 0xbd 0xa line break at s 
0xef 0xbf 0xbd 0xef 0xbf 0xbd 0xef 0xbf 0xbd 0xef 0xbf 0xbd 0xa line break at s 
0xef 0xbf 0xbd 0xef 0xbf 0xbd 0xef 0xbf 0xbd 0xef 0xbf 0xbd 0xef 0xbf 0xbd 0xef 0xbf 0xbd 0xa line break at s 
0xef 0xbf 0xbd 0xef 0xbf 0xbd 0xef 0xbf 0xbd 0xef 0xbf 0xbd 0xef 0xbf 0xbd 0xef 0xbf 0xbd 0xef 0xbf 0xbd 0xef 0xbf 0xbd 0xef 0xbf 0xbd 0xef 0xbf 0xbd 0xa line break at s 
0xe2 0xb8 0xb8 0xa line break at s 
0xef 0xbf 0xbd 0xef 0xbf 0xbd 0xef 0xbf 0xbd 0xa line break at s 
0xc8 0xbe 0xef 0xbf 0xbd 0xe2 0xba 0x9f 0xef 0xbf 0xbd 0xef 0xbf 0xbd 0xef 0xbf 0xbd 0xa line break at s 
0xc8 0xbe 0xef 0xbf 0xbd 0xe2 0xb8 0xbe 0xef 0xbf 0xbd 0xcc 0xb6 0xef 0xbf 0xbd 0xef 0xbf 0xbd 0xef 0xbf 0xbd 0xef 0xbf 0xbd 0xef 0xbf 0xbd 0xa line break at s 
0xef 0xbf 0xbd 0xef 0xbf 0xbd 0xef 0xbf 0xbd 0xcc 0xb6 0xef 0xbf 0xbd 0xef 0xbf 0xbd 0xef 0xbf 0xbd 0xef 0xbf 0xbd 0xef 0xbf 0xbd 0xa line break at s 
0xef 0xbf 0xbd 0xef 0xbf 0xbd 0xef 0xbf 0xbd 0xef 0xbf 0xbd 0xcc 0xb6 0xef 0xbf 0xbd 0xef 0xbf 0xbd 0xc2 0x92 0xef 0xbf 0xbd 0xef 0xbf 0xbd 0xef 0xbf 0xbd 0xa line break at s 
0xef 0xbf 0xbd 0xef 0xbf 0xbd 0xef 0xbf 0xbd 0xef 0xbf 0xbd 0xc6 0x9a 0xa line break at s 
0xef 0xbf 0xbd 0xef 0xbf 0xbd 0xef 0xbf 0xbd 0xef 0xbf 0xbd 0xa line break at s 
0xef 0xbf 0xbd 0xef 0xbf 0xbd 0xef 0xbf 0xbd 0xc8 0xbe 0xef 0xbf 0xbd 0xef 0xbf 0xbd 0xa line break at s 
0xef 0xbf 0xbd 0xc8 0x98 0xef 0xbf 0xbd 0xef 0xbf 0xbd 0xef 0xbf 0xbd 0xef 0xbf 0xbd 0xef 0xbf 0xbd 0xef 0xbf 0xbd 0xef 0xbf 0xbd 0xef 0xbf 0xbd 0xef 0xbf 0xbd 0xef 0xbf 0xbd 0xef 0xbf 0xbd 0xa line break at s 
0xef 0xbf 0xbd 0xef 0xbf 0xbd 0xef 0xbf 0xbd 0xef 0xbf 0xbd 0xc8 0x96 0xa line break at s 
0xef 0xbf 0xbd 0xef 0xbf 0xbd 0xef 0xbf 0xbd 0xef 0xbf 0xbd 0xc7 0xba 0xef 0xbf 0xbd 0xef 0xbf 0xbd 0xef 0xbf 0xbd 0xef 0xbf 0xbd 0xa line break at s 
0xef 0xbf 0xbd 0xef 0xbf 0xbd 0xef 0xbf 0xbd 0xca 0xba 0xef 0xbf 0xbd 0xef 0xbf 0xbd 0xef 0xbf 0xbd 0xef 0xbf 0xbd 0xef 0xbf 0xbd 0xef 0xbf 0xbd 0xef 0xbf 0xbd 0xc8 0xbe 0xef 0xbf 0xbd 0xe2 0xb2 0xb0 0xef 0xbf 0xbd 0xef 0xbf 0xbd 0xef 0xbf 0xbd 0xef 0xbf 0xbd 0xef 0xbf 0xbd 0xef 0xbf 0xbd 0xef 0xbf 0xbd 0xef 0xbf 0xbd 0xef 0xbf 0xbd 0xa line break at s 
0xef 0xbf 0xbd 0xef 0xbf 0xbd 0xef 0xbf 0xbd 0xef 0xbf 0xbd 0xef 0xbf 0xbd 0xef 0xbf 0xbd 0xc8 0xbe 0xef 0xbf 0xbd 0xe2 0xb2 0xb0 0xef 0xbf 0xbd 0xef 0xbf 0xbd 0xef 0xbf 0xbd 0xef 0xbf 0xbd 0xef 0xbf 0xbd 0xef 0xbf 0xbd 0xef 0xbf 0xbd 0xef 0xbf 0xbd 0xef 0xbf 0xbd 0xa line break at s 
0xef 0xbf 0xbd 0xef 0xbf 0xbd 0xef 0xbf 0xbd 0xef 0xbf 0xbd 0xef 0xbf 0xbd 0xef 0xbf 0xbd 0xef 0xbf 0xbd 0xef 0xbf 0xbd 0xef 0xbf 0xbd 0xef 0xbf 0xbd 0xa line break at s 
0xef 0xbf 0xbd 0xef 0xbf 0xbd 0xef 0xbf 0xbd 0xcc 0xb6 0xef 0xbf 0xbd 0xef 0xbf 0xbd 0xef 0xbf 0xbd 0xef 0xbf 0xbd 0xa line break at s 
0xef 0xbf 0xbd 0xef 0xbf 0xbd 0xc8 0x92 0xef 0xbf 0xbd 0xef 0xbf 0xbd 0xef 0xbf 0xbd 0xef 0xbf 0xbd 0xa line break at s 
0xe2 0x98 0xbe 0xef 0xbf 0xbd 0xef 0xbf 0xbd 0xef 0xbf 0xbd 0xef 0xbf 0xbd 0xef 0xbf 0xbd 0xef 0xbf 0xbd 0xef 0xbf 0xbd 0xf1 0xb1 0x92 0xb0 0xa line break at s 
0xef 0xbf 0xbd 0xef 0xbf 0xbd 0xef 0xbf 0xbd 0xe2 0x98 0xb6 0xef 0xbf 0xbd 0xef 0xbf 0xbd 0xef 0xbf 0xbd 0xef 0xbf 0xbd 0xef 0xbf 0xbd 0xef 0xbf 0xbd 0xef 0xbf 0xbd 0xef 0xbf 0xbd 0xa line break at s 
0xef 0xbf 0xbd 0xc8 0x98 0xef 0xbf 0xbd 0xef 0xbf 0xbd 0xef 0xbf 0xbd 0xef 0xbf 0xbd 0xef 0xbf 0xbd 0xef 0xbf 0xbd 0xef 0xbf 0xbd 0xcc 0xb6 0xa line break at s 
0xef 0xbf 0xbd 0xef 0xbf 0xbd 0xef 0xbf 0xbd 0xef 0xbf 0xbd 0xef 0xbf 0xbd 0xa line break at s 
0xca 0x82 0xef 0xbf 0xbd 0xef 0xbf 0xbd 0xef 0xbf 0xbd 0xef 0xbf 0xbd 0xef 0xbf 0xbd 0xef 0xbf 0xbd 0xef 0xbf 0xbd 0xef 0xbf 0xbd 0xef 0xbf 0xbd 0xef 0xbf 0xbd 0xef 0xbf 0xbd 0xef 0xbf 0xbd 0xef 0xbf 0xbd 0xef 0xbf 0xbd 0xef 0xbf 0xbd 0xef 0xbf 0xbd 0xef 0xbf 0xbd 0xa line break at s 
0xef 0xbf 0xbd 0xef 0xbf 0xbd 0xef 0xbf 0xbd 0xef 0xbf 0xbd 0xef 0xbf 0xbd 0xef 0xbf 0xbd 0xef 0xbf 0xbd 0xef 0xbf 0xbd 0xef 0xbf 0xbd 0xa line break at s 
0xef 0xbf 0xbd 0xef 0xbf 0xbd 0xef 0xbf 0xbd 0xef 0xbf 0xbd 0xef 0xbf 0xbd 0xef 0xbf 0xbd 0xe2 0x98 0xb3 0xa line break at s 
0xef 0xbf 0xbd 0xef 0xbf 0xbd 0xef 0xbf 0xbd 0xef 0xbf 0xbd 0xef 0xbf 0xbd 0xef 0xbf 0xbd 0xef 0xbf 0xbd 0xef 0xbf 0xbd 0xef 0xbf 0xbd 0xef 0xbf 0xbd 0xe1 0x98 0xbb 0xa line break at s 
0xef 0xbf 0xbd 0xef 0xbf 0xbd 0xef 0xbf 0xbd 0xef 0xbf 0xbd 0xef 0xbf 0xbd 0xef 0xbf 0xbd 0xef 0xbf 0xbd 0xef 0xbf 0xbd 0xef 0xbf 0xbd 0xef 0xbf 0xbd 0xef 0xbf 0xbd 0xef 0xbf 0xbd 0xa line break at s 
0xef 0xbf 0xbd 0xef 0xbf 0xbd 0xef 0xbf 0xbd 0xef 0xbf 0xbd 0xef 0xbf 0xbd 0xef 0xbf 0xbd 0xef 0xbf 0xbd 0xef 0xbf 0xbd 0xa line break at s 
0xef 0xbf 0xbd 0xef 0xbf 0xbd 0xa line break at s 
0xef 0xbf 0xbd 0xef 0xbf 0xbd 0xef 0xbf 0xbd 0xef 0xbf 0xbd 0xef 0xbf 0xbd 0xa line break at s 
0xef 0xbf 0xbd 0xef 0xbf 0xbd 0xef 0xbf 0xbd 0xef 0xbf 0xbd 0xef 0xbf 0xbd 0xc8 0x92 0xef 0xbf 0xbd 0xa line break at s 
0xef 0xbf 0xbd 0xef 0xbf 0xbd 0xef 0xbf 0xbd 0xef 0xbf 0xbd 0xef 0xbf 0xbd 0xc9 0x98 0xef 0xbf 0xbd 0xef 0xbf 0xbd 0xa line break at s 
0xef 0xbf 0xbd 0xef 0xbf 0xbd 0xef 0xbf 0xbd 0xef 0xbf 0xbd 0xef 0xbf 0xbd 0xa line break at s 
0xef 0xbf 0xbd 0xef 0xbf 0xbd 0xef 0xbf 0xbd 0xef 0xbf 0xbd 0xef 0xbf 0xbd 0xef 0xbf 0xbd 0xef 0xbf 0xbd 0xa line break at s 
0xef 0xbf 0xbd 0xef 0xbf 0xbd 0xef 0xbf 0xbd 0xef 0xbf 0xbd 0xef 0xbf 0xbd 0xef 0xbf 0xbd 0xef 0xbf 0xbd 0xc7 0x98 0xef 0xbf 0xbd 0xef 0xbf 0xbd 0xa line break at s 
0xef 0xbf 0xbd 0xef 0xbf 0xbd 0xef 0xbf 0xbd 0xef 0xbf 0xbd 0xef 0xbf 0xbd 0xef 0xbf 0xbd 0xef 0xbf 0xbd 0xef 0xbf 0xbd 0xef 0xbf 0xbd 0xa line break at s 
0xef 0xbf 0xbd 0xef 0xbf 0xbd 0xef 0xbf 0xbd 0xef 0xbf 0xbd 0xa line break at s 
0xef 0xbf 0xbd 0xef 0xbf 0xbd 0xef 0xbf 0xbd 0xef 0xbf 0xbd 0xef 0xbf 0xbd 0xa line break at s 
0xef 0xbf 0xbd 0xef 0xbf 0xbd 0xef 0xbf 0xbd 0xef 0xbf 0xbd 0xef 0xbf 0xbd 0xa line break at s 
0xef 0xbf 0xbd 0xef 0xbf 0xbd 0xef 0xbf 0xbd 0xc6 0x9a 0xa line break at s 
0xef 0xbf 0xbd 0xf1 0xb9 0x98 0xb8 0xef 0xbf 0xbd 0xef 0xbf 0xbd 0xa line break at s 
0xef 0xbf 0xbd 0xef 0xbf 0xbd 0xef 0xbf 0xbd 0xef 0xbf 0xbd 0xef 0xbf 0xbd 0xef 0xbf 0xbd 0xef 0xbf 0xbd 0xa line break at s 
0xef 0xbf 0xbd 0xef 0xbf 0xbd 0xef 0xbf 0xbd 0xef 0xbf 0xbd 0xc2 0x98 0xef 0xbf 0xbd 0xef 0xbf 0xbd 0xa line break at s 
0xef 0xbf 0xbd 0xef 0xbf 0xbd 0xef 0xbf 0xbd 0xef 0xbf 0xbd 0xa line break at s 
0xef 0xbf 0xbd 0xef 0xbf 0xbd 0xef 0xbf 0xbd 0xef 0xbf 0xbd 0xef 0xbf 0xbd 0xef 0xbf 0xbd 0xef 0xbf 0xbd 0xef 0xbf 0xbd 0xef 0xbf 0xbd 0xa line break at s 
0xef 0xbf 0xbd 0xef 0xbf 0xbd 0xef 0xbf 0xbd 0xf1 0xb6 0x92 0xb3 0xef 0xbf 0xbd 0xa line break at s 
0xef 0xbf 0xbd 0xef 0xbf 0xbd 0xef 0xbf 0xbd 0xef 0xbf 0xbd 0xef 0xbf 0xbd 0xef 0xbf 0xbd 0xef 0xbf 0xbd 0xef 0xbf 0xbd 0xef 0xbf 0xbd 0xef 0xbf 0xbd 0xef 0xbf 0xbd 0xa line break at s 
0xef 0xbf 0xbd 0xef 0xbf 0xbd 0xef 0xbf 0xbd 0xf1 0xba 0x92 0xba 0xef 0xbf 0xbd 0xef 0xbf 0xbd 0xa line break at s 
0xef 0xbf 0xbd 0xef 0xbf 0xbd 0xef 0xbf 0xbd 0xef 0xbf 0xbd 0xef 0xbf 0xbd 0xc8 0x92 0xef 0xbf 0xbd 0xef 0xbf 0xbd 0xef 0xbf 0xbd 0xef 0xbf 0xbd 0xef 0xbf 0xbd 0xa line break at s 
0xef 0xbf 0xbd 0xef 0xbf 0xbd 0xef 0xbf 0xbd 0xef 0xbf 0xbd 0xef 0xbf 0xbd 0xef 0xbf 0xbd 0xef 0xbf 0xbd 0xef 0xbf 0xbd 0xa line break at s 
0xef 0xbf 0xbd 0xef 0xbf 0xbd 0xef 0xbf 0xbd 0xef 0xbf 0xbd 0xef 0xbf 0xbd 0xe2 0xb8 0xb8 0xef 0xbf 0xbd 0xef 0xbf 0xbd 0xef 0xbf 0xbd 0xef 0xbf 0xbd 0xef 0xbf 0xbd 0xef 0xbf 0xbd 0xa line break at s 
0xef 0xbf 0xbd 0xef 0xbf 0xbd 0xef 0xbf 0xbd 0xef 0xbf 0xbd 0xef 0xbf 0xbd 0xef 0xbf 0xbd 0xa line break at s 
0xef 0xbf 0xbd 0xef 0xbf 0xbd 0xcc 0xb6 0xef 0xbf 0xbd 0xef 0xbf 0xbd 0xef 0xbf 0xbd 0xef 0xbf 0xbd 0xef 0xbf 0xbd 0xa line break at s 
0xef 0xbf 0xbd 0xef 0xbf 0xbd 0xcc 0xb6 0xef 0xbf 0xbd 0xef 0xbf 0xbd 0xef 0xbf 0xbd 0xef 0xbf 0xbd 0xa line break at s 
0xef 0xbf 0xbd 0xef 0xbf 0xbd 0xef 0xbf 0xbd 0xa line break at s 
0xef 0xbf 0xbd 0xf1 0xb9 0x98 0xb8 0xef 0xbf 0xbd 0xa line break at s 
0xef 0xbf 0xbd 0xef 0xbf 0xbd 0xef 0xbf 0xbd 0xef 0xbf 0xbd 0xef 0xbf 0xbd 0xa line break at s 
0xef 0xbf 0xbd 0xef 0xbf 0xbd 0xef 0xbf 0xbd 0xa line break at s 
0xef 0xbf 0xbd 0xef 0xbf 0xbd 0xef 0xbf 0xbd 0xef 0xbf 0xbd 0xef 0xbf 0xbd 0xef 0xbf 0xbd 0xef 0xbf 0xbd 0xef 0xbf 0xbd 0xef 0xbf 0xbd 0xa line break at s 
0xef 0xbf 0xbd 0xef 0xbf 0xbd 0xef 0xbf 0xbd 0xef 0xbf 0xbd 0xef 0xbf 0xbd 0xa line break at s 
0xef 0xbf 0xbd 0xef 0xbf 0xbd 0xef 0xbf 0xbd 0xef 0xbf 0xbd 0xef 0xbf 0xbd 0xef 0xbf 0xbd 0xa line break at s 
0xef 0xbf 0xbd 0xef 0xbf 0xbd 0xa line break at s 
0xef 0xbf 0xbd 0xef 0xbf 0xbd 0xef 0xbf 0xbd 0xef 0xbf 0xbd 0xef 0xbf 0xbd 0xef 0xbf 0xbd 0xa line break at s 
0xcc 0xbe 0xef 0xbf 0xbd 0xef 0xbf 0xbd 0xa line break at s 
0xef 0xbf 0xbd 0xef 0xbf 0xbd 0xef 0xbf 0xbd 0xef 0xbf 0xbd 0xa line break at s 
0xef 0xbf 0xbd 0xef 0xbf 0xbd 0xef 0xbf 0xbd 0xa line break at s 
0xef 0xbf 0xbd 0xef 0xbf 0xbd 0xef 0xbf 0xbd 0xef 0xbf 0xbd 0xef 0xbf 0xbd 0xa line break at s 
0xef 0xbf 0xbd 0xef 0xbf 0xbd 0xef 0xbf 0xbd 0xef 0xbf 0xbd matches 0 from
